manual seed: 1
  0% 0/92 [00:00<?, ?it/s]
manual seed: 1
DataParallel(
  (module): LPE(
    (encoder): ResNet(
      (layer1): Sequential(
        (0): BasicBlock(
          (conv1): Conv2d(3, 64, kernel_size=(3, 3), stride=(1, 1), padding=(1, 1), bias=False)
          (bn1): BatchNorm2d(64, eps=1e-05, momentum=0.1, affine=True, track_running_stats=True)
          (relu): LeakyReLU(negative_slope=0.1)
          (conv2): Conv2d(64, 64, kernel_size=(3, 3), stride=(1, 1), padding=(1, 1), bias=False)
          (bn2): BatchNorm2d(64, eps=1e-05, momentum=0.1, affine=True, track_running_stats=True)
          (conv3): Conv2d(64, 64, kernel_size=(3, 3), stride=(1, 1), padding=(1, 1), bias=False)
          (bn3): BatchNorm2d(64, eps=1e-05, momentum=0.1, affine=True, track_running_stats=True)
          (maxpool): MaxPool2d(kernel_size=2, stride=2, padding=0, dilation=1, ceil_mode=False)
          (downsample): Sequential(
            (0): Conv2d(3, 64, kernel_size=(1, 1), stride=(1, 1), bias=False)
            (1): BatchNorm2d(64, eps=1e-05, momentum=0.1, affine=True, track_running_stats=True)
          )
        )
      )
      (layer2): Sequential(
        (0): BasicBlock(
          (conv1): Conv2d(64, 160, kernel_size=(3, 3), stride=(1, 1), padding=(1, 1), bias=False)
          (bn1): BatchNorm2d(160, eps=1e-05, momentum=0.1, affine=True, track_running_stats=True)
          (relu): LeakyReLU(negative_slope=0.1)
          (conv2): Conv2d(160, 160, kernel_size=(3, 3), stride=(1, 1), padding=(1, 1), bias=False)
          (bn2): BatchNorm2d(160, eps=1e-05, momentum=0.1, affine=True, track_running_stats=True)
          (conv3): Conv2d(160, 160, kernel_size=(3, 3), stride=(1, 1), padding=(1, 1), bias=False)
          (bn3): BatchNorm2d(160, eps=1e-05, momentum=0.1, affine=True, track_running_stats=True)
          (maxpool): MaxPool2d(kernel_size=2, stride=2, padding=0, dilation=1, ceil_mode=False)
          (downsample): Sequential(
            (0): Conv2d(64, 160, kernel_size=(1, 1), stride=(1, 1), bias=False)
            (1): BatchNorm2d(160, eps=1e-05, momentum=0.1, affine=True, track_running_stats=True)
          )
        )
      )
      (layer3): Sequential(
        (0): BasicBlock(
          (conv1): Conv2d(160, 320, kernel_size=(3, 3), stride=(1, 1), padding=(1, 1), bias=False)
          (bn1): BatchNorm2d(320, eps=1e-05, momentum=0.1, affine=True, track_running_stats=True)
          (relu): LeakyReLU(negative_slope=0.1)
          (conv2): Conv2d(320, 320, kernel_size=(3, 3), stride=(1, 1), padding=(1, 1), bias=False)
          (bn2): BatchNorm2d(320, eps=1e-05, momentum=0.1, affine=True, track_running_stats=True)
          (conv3): Conv2d(320, 320, kernel_size=(3, 3), stride=(1, 1), padding=(1, 1), bias=False)
          (bn3): BatchNorm2d(320, eps=1e-05, momentum=0.1, affine=True, track_running_stats=True)
          (maxpool): MaxPool2d(kernel_size=2, stride=2, padding=0, dilation=1, ceil_mode=False)
          (downsample): Sequential(
            (0): Conv2d(160, 320, kernel_size=(1, 1), stride=(1, 1), bias=False)
            (1): BatchNorm2d(320, eps=1e-05, momentum=0.1, affine=True, track_running_stats=True)
          )
        )
      )
      (layer4): Sequential(
        (0): BasicBlock(
          (conv1): Conv2d(320, 640, kernel_size=(3, 3), stride=(1, 1), padding=(1, 1), bias=False)
          (bn1): BatchNorm2d(640, eps=1e-05, momentum=0.1, affine=True, track_running_stats=True)
          (relu): LeakyReLU(negative_slope=0.1)
          (conv2): Conv2d(640, 640, kernel_size=(3, 3), stride=(1, 1), padding=(1, 1), bias=False)
          (bn2): BatchNorm2d(640, eps=1e-05, momentum=0.1, affine=True, track_running_stats=True)
          (conv3): Conv2d(640, 640, kernel_size=(3, 3), stride=(1, 1), padding=(1, 1), bias=False)
          (bn3): BatchNorm2d(640, eps=1e-05, momentum=0.1, affine=True, track_running_stats=True)
          (maxpool): MaxPool2d(kernel_size=2, stride=2, padding=0, dilation=1, ceil_mode=False)
          (downsample): Sequential(
            (0): Conv2d(320, 640, kernel_size=(1, 1), stride=(1, 1), bias=False)
            (1): BatchNorm2d(640, eps=1e-05, momentum=0.1, affine=True, track_running_stats=True)
          )
        )
      )
    )
    (fc): Linear(in_features=640, out_features=100, bias=True)
    (sem2attr_0): Sequential(
      (0): Linear(in_features=312, out_features=312, bias=True)
      (1): LeakyReLU(negative_slope=0.1)
      (2): Linear(in_features=312, out_features=640, bias=True)
    )
    (sem2attr_1): Sequential(
      (0): Linear(in_features=312, out_features=312, bias=True)
      (1): LeakyReLU(negative_slope=0.1)
      (2): Linear(in_features=312, out_features=640, bias=True)
    )
    (sem2attr_2): Sequential(
      (0): Linear(in_features=312, out_features=312, bias=True)
      (1): LeakyReLU(negative_slope=0.1)
      (2): Linear(in_features=312, out_features=640, bias=True)
    )
    (sem2attr_3): Sequential(
      (0): Linear(in_features=312, out_features=312, bias=True)
      (1): LeakyReLU(negative_slope=0.1)
      (2): Linear(in_features=312, out_features=640, bias=True)
    )
    (sem2attr_4): Sequential(
      (0): Linear(in_features=312, out_features=312, bias=True)
      (1): LeakyReLU(negative_slope=0.1)
      (2): Linear(in_features=312, out_features=640, bias=True)
    )
    (sem2templet_weight): Sequential(
      (0): Linear(in_features=312, out_features=156, bias=True)
      (1): LeakyReLU(negative_slope=0.1)
      (2): Linear(in_features=156, out_features=5, bias=True)
      (3): Sigmoid()
    )
    (queryLayer_0): Linear(in_features=640, out_features=640, bias=True)
    (queryLayer_1): Linear(in_features=640, out_features=640, bias=True)
    (queryLayer_2): Linear(in_features=640, out_features=640, bias=True)
    (queryLayer_3): Linear(in_features=640, out_features=640, bias=True)
    (queryLayer_4): Linear(in_features=640, out_features=640, bias=True)
  )
)
  0% 0/92 [00:00<?, ?it/s]/home/yangfengyuan/anaconda3/envs/py37torch190/lib/python3.7/site-packages/torch/nn/functional.py:718: UserWarning: Named tensors and all their associated APIs are an experimental feature and subject to change. Please do not use them for anything important until they are released as stable. (Triggered internally at  /opt/conda/conda-bld/pytorch_1623448265233/work/c10/core/TensorImpl.h:1156.)
  return torch.max_pool2d(input, kernel_size, stride, padding, dilation, ceil_mode)
[train] epo:  1 | avg.loss:18.9131(0.9999) | avg.acc:35.217 (curr:18.667): 100% 92/92 [00:23<00:00,  3.84it/s]
[ val ] epo:  1 | avg.loss:1.3880 | avg.acc:40.867 (curr:46.667): 100% 200/200 [00:07<00:00, 27.16it/s]
  0% 0/92 [00:00<?, ?it/s]
[ log ] *********A better model is found (40.867) *********
[ log ] saving @ checkpoints/cub/1shot-5way/cub_5w1s
[train] epo:  2 | avg.loss:15.8631(0.9997) | avg.acc:39.783 (curr:41.333): 100% 92/92 [00:23<00:00,  3.99it/s]
[ val ] epo:  2 | avg.loss:1.2870 | avg.acc:47.228 (curr:49.333):  94% 189/200 [00:06<00:00, 27.59it/s]
[ log ] *********A better model is found (47.160) *********
[ log ] saving @ checkpoints/cub/1shot-5way/cub_5w1s
[ val ] epo:  2 | avg.loss:1.2867 | avg.acc:47.160 (curr:50.667): 100% 200/200 [00:07<00:00, 27.32it/s]
[train] epo:  3 | avg.loss:15.0607(0.9987) | avg.acc:45.623 (curr:49.333): 100% 92/92 [00:23<00:00,  3.99it/s]
[ val ] epo:  3 | avg.loss:1.2144 | avg.acc:50.327 (curr:56.000): 100% 200/200 [00:07<00:00, 27.28it/s]
  0% 0/92 [00:00<?, ?it/s]
[ log ] *********A better model is found (50.327) *********
[ log ] saving @ checkpoints/cub/1shot-5way/cub_5w1s
[train] epo:  4 | avg.loss:14.6365(0.9985) | avg.acc:46.957 (curr:54.667): 100% 92/92 [00:23<00:00,  3.99it/s]
[ val ] epo:  4 | avg.loss:1.1409 | avg.acc:53.793 (curr:69.333): 100% 200/200 [00:07<00:00, 27.28it/s]
[ log ] *********A better model is found (53.793) *********
[ log ] saving @ checkpoints/cub/1shot-5way/cub_5w1s
[ log ] roughly 0.65 h left
[train] epo:  5 | avg.loss:14.0865(0.9974) | avg.acc:51.449 (curr:49.333): 100% 92/92 [00:22<00:00,  4.00it/s]
[ val ] epo:  5 | avg.loss:1.1259 | avg.acc:55.131 (curr:57.333):  88% 177/200 [00:06<00:00, 27.72it/s]
[ log ] *********A better model is found (55.187) *********
[ log ] saving @ checkpoints/cub/1shot-5way/cub_5w1s
[ val ] epo:  5 | avg.loss:1.1261 | avg.acc:55.187 (curr:62.667): 100% 200/200 [00:07<00:00, 27.23it/s]
[train] epo:  6 | avg.loss:13.8565(0.9960) | avg.acc:49.884 (curr:52.000): 100% 92/92 [00:23<00:00,  3.97it/s]
[ val ] epo:  6 | avg.loss:1.0760 | avg.acc:56.520 (curr:72.000): 100% 200/200 [00:07<00:00, 27.32it/s]
[ log ] *********A better model is found (56.520) *********
[ log ] saving @ checkpoints/cub/1shot-5way/cub_5w1s
[ log ] roughly 0.64 h left
[train] epo:  7 | avg.loss:13.4105(0.9950) | avg.acc:53.275 (curr:40.000): 100% 92/92 [00:23<00:00,  3.97it/s]
[ val ] epo:  7 | avg.loss:1.0567 | avg.acc:59.838 (curr:61.333):  86% 171/200 [00:06<00:01, 27.48it/s]
[ log ] *********A better model is found (59.740) *********
[ log ] saving @ checkpoints/cub/1shot-5way/cub_5w1s
[ val ] epo:  7 | avg.loss:1.0596 | avg.acc:59.740 (curr:76.000): 100% 200/200 [00:07<00:00, 27.29it/s]
[train] epo:  8 | avg.loss:13.0382(0.9948) | avg.acc:56.507 (curr:50.667): 100% 92/92 [00:23<00:00,  3.96it/s]
[ val ] epo:  8 | avg.loss:1.0388 | avg.acc:60.397 (curr:61.333):  98% 195/200 [00:07<00:00, 27.65it/s]
[ log ] *********A better model is found (60.667) *********
[ log ] saving @ checkpoints/cub/1shot-5way/cub_5w1s
[ val ] epo:  8 | avg.loss:1.0356 | avg.acc:60.667 (curr:78.667): 100% 200/200 [00:07<00:00, 27.19it/s]
[train] epo:  9 | avg.loss:12.6673(0.9945) | avg.acc:58.507 (curr:60.000): 100% 92/92 [00:23<00:00,  3.98it/s]
[ val ] epo:  9 | avg.loss:0.9477 | avg.acc:63.800 (curr:65.333):  90% 180/200 [00:06<00:00, 27.60it/s]
[ log ] *********A better model is found (64.100) *********
[ log ] saving @ checkpoints/cub/1shot-5way/cub_5w1s
[ val ] epo:  9 | avg.loss:0.9430 | avg.acc:64.100 (curr:76.000): 100% 200/200 [00:07<00:00, 27.27it/s]
[train] epo: 10 | avg.loss:12.4403(0.9936) | avg.acc:57.971 (curr:56.000): 100% 92/92 [00:23<00:00,  3.95it/s]
[ val ] epo: 10 | avg.loss:0.9093 | avg.acc:64.613 (curr:76.000): 100% 200/200 [00:07<00:00, 27.25it/s]
[ log ] *********A better model is found (64.613) *********
[ log ] saving @ checkpoints/cub/1shot-5way/cub_5w1s
[ log ] roughly 0.61 h left
[train] epo: 11 | avg.loss:12.1154(0.9926) | avg.acc:62.159 (curr:84.000): 100% 92/92 [00:23<00:00,  3.95it/s]
[ val ] epo: 11 | avg.loss:0.8612 | avg.acc:65.715 (curr:80.000):  86% 171/200 [00:06<00:01, 27.90it/s]
[ log ] *********A better model is found (65.813) *********
[ log ] saving @ checkpoints/cub/1shot-5way/cub_5w1s
[ val ] epo: 11 | avg.loss:0.8584 | avg.acc:65.813 (curr:74.667): 100% 200/200 [00:07<00:00, 27.63it/s]
[train] epo: 12 | avg.loss:11.9665(0.9924) | avg.acc:61.768 (curr:61.333): 100% 92/92 [00:23<00:00,  3.96it/s]
[ val ] epo: 12 | avg.loss:0.8602 | avg.acc:66.573 (curr:82.667): 100% 200/200 [00:07<00:00, 27.22it/s]
[ log ] *********A better model is found (66.573) *********
[ log ] saving @ checkpoints/cub/1shot-5way/cub_5w1s
[ log ] roughly 0.59 h left
[train] epo: 13 | avg.loss:11.6491(0.9910) | avg.acc:63.522 (curr:64.000): 100% 92/92 [00:23<00:00,  3.86it/s]
[ val ] epo: 13 | avg.loss:0.8259 | avg.acc:69.707 (curr:73.333): 100% 200/200 [00:07<00:00, 27.44it/s]
  0% 0/92 [00:00<?, ?it/s]
[ log ] *********A better model is found (69.707) *********
[ log ] saving @ checkpoints/cub/1shot-5way/cub_5w1s
[train] epo: 14 | avg.loss:11.3050(0.9901) | avg.acc:66.826 (curr:54.667): 100% 92/92 [00:23<00:00,  3.95it/s]
[ val ] epo: 14 | avg.loss:0.7688 | avg.acc:70.213 (curr:89.333):  92% 183/200 [00:06<00:00, 27.59it/s]
[ log ] *********A better model is found (70.107) *********
[ log ] saving @ checkpoints/cub/1shot-5way/cub_5w1s
[ val ] epo: 14 | avg.loss:0.7666 | avg.acc:70.107 (curr:76.000): 100% 200/200 [00:07<00:00, 27.15it/s]
[train] epo: 15 | avg.loss:11.0605(0.9879) | avg.acc:68.203 (curr:62.667): 100% 92/92 [00:23<00:00,  3.97it/s]
[ val ] epo: 15 | avg.loss:0.7654 | avg.acc:71.067 (curr:72.000): 100% 200/200 [00:07<00:00, 27.26it/s]
[ log ] *********A better model is found (71.067) *********
[ log ] saving @ checkpoints/cub/1shot-5way/cub_5w1s
[ log ] roughly 0.56 h left
[train] epo: 16 | avg.loss:10.8290(0.9890) | avg.acc:70.928 (curr:77.333): 100% 92/92 [00:23<00:00,  3.97it/s]
[ val ] epo: 16 | avg.loss:0.7325 | avg.acc:72.750 (curr:77.333):  92% 183/200 [00:06<00:00, 27.12it/s]
[ log ] *********A better model is found (72.933) *********
[ log ] saving @ checkpoints/cub/1shot-5way/cub_5w1s
[ val ] epo: 16 | avg.loss:0.7279 | avg.acc:72.933 (curr:82.667): 100% 200/200 [00:07<00:00, 27.23it/s]
[train] epo: 17 | avg.loss:10.6014(0.9866) | avg.acc:72.710 (curr:86.667): 100% 92/92 [00:22<00:00,  4.00it/s]
[ val ] epo: 17 | avg.loss:0.7008 | avg.acc:72.482 (curr:64.000):  82% 165/200 [00:06<00:01, 27.70it/s]
[ log ] saving @ checkpoints/cub/1shot-5way/cub_5w1s
[ val ] epo: 17 | avg.loss:0.6928 | avg.acc:72.747 (curr:88.000): 100% 200/200 [00:07<00:00, 27.23it/s]
[train] epo: 18 | avg.loss:10.4682(0.9866) | avg.acc:71.580 (curr:62.667): 100% 92/92 [00:23<00:00,  3.92it/s]
[ val ] epo: 18 | avg.loss:0.7125 | avg.acc:72.362 (curr:76.000):  98% 195/200 [00:07<00:00, 27.59it/s]
[ log ] saving @ checkpoints/cub/1shot-5way/cub_5w1s
[ val ] epo: 18 | avg.loss:0.7097 | avg.acc:72.467 (curr:77.333): 100% 200/200 [00:07<00:00, 27.25it/s]
[train] epo: 19 | avg.loss:10.3226(0.9870) | avg.acc:72.406 (curr:74.667): 100% 92/92 [00:23<00:00,  3.93it/s]
[ val ] epo: 19 | avg.loss:0.6164 | avg.acc:77.007 (curr:82.667): 100% 200/200 [00:07<00:00, 27.29it/s]
  0% 0/92 [00:00<?, ?it/s]
[ log ] *********A better model is found (77.007) *********
[ log ] saving @ checkpoints/cub/1shot-5way/cub_5w1s
[train] epo: 20 | avg.loss:10.0975(0.9858) | avg.acc:75.246 (curr:70.667): 100% 92/92 [00:23<00:00,  3.99it/s]
[ val ] epo: 20 | avg.loss:0.6336 | avg.acc:75.733 (curr:84.000): 100% 200/200 [00:07<00:00, 27.46it/s]
  0% 0/92 [00:00<?, ?it/s]
[ log ] saving @ checkpoints/cub/1shot-5way/cub_5w1s
[train] epo: 21 | avg.loss:9.9410(0.9850) | avg.acc:76.391 (curr:82.667): 100% 92/92 [00:22<00:00,  4.01it/s]
[ val ] epo: 21 | avg.loss:0.5936 | avg.acc:77.072 (curr:88.000):  99% 198/200 [00:07<00:00, 27.67it/s]
[ log ] *********A better model is found (77.093) *********
[ log ] saving @ checkpoints/cub/1shot-5way/cub_5w1s
[ val ] epo: 21 | avg.loss:0.5933 | avg.acc:77.093 (curr:81.333): 100% 200/200 [00:07<00:00, 27.24it/s]
[train] epo: 22 | avg.loss:9.8204(0.9847) | avg.acc:77.072 (curr:90.667): 100% 92/92 [00:23<00:00,  3.99it/s]
[ val ] epo: 22 | avg.loss:0.5963 | avg.acc:78.040 (curr:73.333): 100% 200/200 [00:07<00:00, 27.28it/s]
  0% 0/92 [00:00<?, ?it/s]
[ log ] *********A better model is found (78.040) *********
[ log ] saving @ checkpoints/cub/1shot-5way/cub_5w1s
[train] epo: 23 | avg.loss:9.6954(0.9845) | avg.acc:77.087 (curr:76.000): 100% 92/92 [00:23<00:00,  3.98it/s]
[ val ] epo: 23 | avg.loss:0.6313 | avg.acc:79.357 (curr:84.000):  98% 195/200 [00:07<00:00, 27.68it/s]
[ log ] *********A better model is found (79.387) *********
[ log ] saving @ checkpoints/cub/1shot-5way/cub_5w1s
[ val ] epo: 23 | avg.loss:0.6294 | avg.acc:79.387 (curr:76.000): 100% 200/200 [00:07<00:00, 27.24it/s]
[train] epo: 24 | avg.loss:9.5383(0.9837) | avg.acc:78.594 (curr:73.333): 100% 92/92 [00:23<00:00,  3.98it/s]
[ val ] epo: 24 | avg.loss:0.5818 | avg.acc:79.053 (curr:73.333): 100% 200/200 [00:07<00:00, 27.25it/s]
  0% 0/92 [00:00<?, ?it/s]
[ log ] saving @ checkpoints/cub/1shot-5way/cub_5w1s
[train] epo: 25 | avg.loss:9.5064(0.9843) | avg.acc:77.232 (curr:77.333): 100% 92/92 [00:23<00:00,  3.95it/s]
[ val ] epo: 25 | avg.loss:0.5735 | avg.acc:79.220 (curr:81.333): 100% 200/200 [00:07<00:00, 27.18it/s]
  0% 0/92 [00:00<?, ?it/s]
[ log ] saving @ checkpoints/cub/1shot-5way/cub_5w1s
[train] epo: 26 | avg.loss:9.4640(0.9866) | avg.acc:76.797 (curr:85.333): 100% 92/92 [00:23<00:00,  3.94it/s]
[ val ] epo: 26 | avg.loss:0.5110 | avg.acc:80.663 (curr:76.000):  94% 189/200 [00:06<00:00, 27.72it/s]
[ log ] *********A better model is found (80.547) *********
[ log ] saving @ checkpoints/cub/1shot-5way/cub_5w1s
[ val ] epo: 26 | avg.loss:0.5113 | avg.acc:80.547 (curr:78.667): 100% 200/200 [00:07<00:00, 27.26it/s]
[train] epo: 27 | avg.loss:9.2553(0.9846) | avg.acc:79.159 (curr:58.667): 100% 92/92 [00:23<00:00,  3.90it/s]
[ val ] epo: 27 | avg.loss:0.5815 | avg.acc:77.553 (curr:78.667): 100% 200/200 [00:07<00:00, 27.31it/s]
  0% 0/92 [00:00<?, ?it/s]
[ log ] saving @ checkpoints/cub/1shot-5way/cub_5w1s
[train] epo: 28 | avg.loss:9.2595(0.9843) | avg.acc:78.391 (curr:82.667): 100% 92/92 [00:23<00:00,  3.98it/s]
[ val ] epo: 28 | avg.loss:0.5200 | avg.acc:80.112 (curr:74.667):  94% 189/200 [00:06<00:00, 27.68it/s]
[ log ] saving @ checkpoints/cub/1shot-5way/cub_5w1s
[ val ] epo: 28 | avg.loss:0.5197 | avg.acc:80.080 (curr:78.667): 100% 200/200 [00:07<00:00, 27.27it/s]
[train] epo: 29 | avg.loss:9.0374(0.9842) | avg.acc:79.217 (curr:73.333): 100% 92/92 [00:23<00:00,  3.93it/s]
[ val ] epo: 29 | avg.loss:0.5557 | avg.acc:79.359 (curr:74.667):  88% 177/200 [00:06<00:00, 28.07it/s]
[ log ] saving @ checkpoints/cub/1shot-5way/cub_5w1s
[ val ] epo: 29 | avg.loss:0.5506 | avg.acc:79.547 (curr:86.667): 100% 200/200 [00:07<00:00, 27.73it/s]
[train] epo: 30 | avg.loss:8.9882(0.9840) | avg.acc:79.348 (curr:73.333): 100% 92/92 [00:23<00:00,  3.98it/s]
[ val ] epo: 30 | avg.loss:0.5654 | avg.acc:77.993 (curr:84.000): 100% 200/200 [00:07<00:00, 27.49it/s]
  0% 0/92 [00:00<?, ?it/s]
[ log ] saving @ checkpoints/cub/1shot-5way/cub_5w1s
[train] epo: 31 | avg.loss:8.9630(0.9828) | avg.acc:80.406 (curr:72.000): 100% 92/92 [00:23<00:00,  3.91it/s]
[ val ] epo: 31 | avg.loss:0.5096 | avg.acc:80.267 (curr:70.667): 100% 200/200 [00:07<00:00, 27.63it/s]
  0% 0/92 [00:00<?, ?it/s]
[ log ] saving @ checkpoints/cub/1shot-5way/cub_5w1s
[train] epo: 32 | avg.loss:8.9101(0.9832) | avg.acc:81.290 (curr:72.000): 100% 92/92 [00:23<00:00,  3.91it/s]
[ val ] epo: 32 | avg.loss:0.5252 | avg.acc:79.864 (curr:88.000):  88% 177/200 [00:06<00:00, 27.74it/s]
[ log ] saving @ checkpoints/cub/1shot-5way/cub_5w1s
[ val ] epo: 32 | avg.loss:0.5195 | avg.acc:80.147 (curr:92.000): 100% 200/200 [00:07<00:00, 27.35it/s]
[train] epo: 33 | avg.loss:8.8171(0.9836) | avg.acc:79.928 (curr:86.667): 100% 92/92 [00:23<00:00,  3.94it/s]
[ val ] epo: 33 | avg.loss:0.5176 | avg.acc:80.353 (curr:81.333): 100% 200/200 [00:07<00:00, 27.33it/s]
  0% 0/92 [00:00<?, ?it/s]
[ log ] saving @ checkpoints/cub/1shot-5way/cub_5w1s
[train] epo: 34 | avg.loss:8.7972(0.9824) | avg.acc:82.681 (curr:74.667): 100% 92/92 [00:23<00:00,  3.91it/s]
[ val ] epo: 34 | avg.loss:0.5117 | avg.acc:80.960 (curr:88.000): 100% 200/200 [00:07<00:00, 27.40it/s]
  0% 0/92 [00:00<?, ?it/s]
[ log ] *********A better model is found (80.960) *********
[ log ] saving @ checkpoints/cub/1shot-5way/cub_5w1s
[train] epo: 35 | avg.loss:8.7158(0.9825) | avg.acc:80.841 (curr:84.000): 100% 92/92 [00:23<00:00,  3.94it/s]
[ val ] epo: 35 | avg.loss:0.5014 | avg.acc:80.587 (curr:88.000): 100% 200/200 [00:07<00:00, 27.26it/s]
  0% 0/92 [00:00<?, ?it/s]
[ log ] saving @ checkpoints/cub/1shot-5way/cub_5w1s
[train] epo: 36 | avg.loss:8.6910(0.9832) | avg.acc:80.739 (curr:89.333): 100% 92/92 [00:23<00:00,  3.90it/s]
[ val ] epo: 36 | avg.loss:0.5238 | avg.acc:79.629 (curr:92.000):  93% 186/200 [00:06<00:00, 27.80it/s]
[ log ] saving @ checkpoints/cub/1shot-5way/cub_5w1s
[ val ] epo: 36 | avg.loss:0.5231 | avg.acc:79.720 (curr:85.333): 100% 200/200 [00:07<00:00, 27.38it/s]
[train] epo: 37 | avg.loss:8.7205(0.9830) | avg.acc:80.913 (curr:80.000): 100% 92/92 [00:23<00:00,  3.97it/s]
[ val ] epo: 37 | avg.loss:0.5033 | avg.acc:81.480 (curr:84.000): 100% 200/200 [00:07<00:00, 27.20it/s]
  0% 0/92 [00:00<?, ?it/s]
[ log ] *********A better model is found (81.480) *********
[ log ] saving @ checkpoints/cub/1shot-5way/cub_5w1s
[train] epo: 38 | avg.loss:8.5350(0.9820) | avg.acc:83.029 (curr:61.333): 100% 92/92 [00:23<00:00,  3.95it/s]
[ val ] epo: 38 | avg.loss:0.5429 | avg.acc:81.618 (curr:66.667):  96% 192/200 [00:07<00:00, 27.69it/s]
[ log ] *********A better model is found (81.660) *********
[ log ] saving @ checkpoints/cub/1shot-5way/cub_5w1s
[ val ] epo: 38 | avg.loss:0.5413 | avg.acc:81.660 (curr:81.333): 100% 200/200 [00:07<00:00, 27.30it/s]
[train] epo: 39 | avg.loss:8.5150(0.9818) | avg.acc:83.029 (curr:90.667): 100% 92/92 [00:23<00:00,  4.00it/s]
[ val ] epo: 39 | avg.loss:0.4971 | avg.acc:80.873 (curr:77.333): 100% 200/200 [00:07<00:00, 27.23it/s]
  0% 0/92 [00:00<?, ?it/s]
[ log ] saving @ checkpoints/cub/1shot-5way/cub_5w1s
[train] epo: 40 | avg.loss:8.5578(0.9829) | avg.acc:81.551 (curr:89.333): 100% 92/92 [00:23<00:00,  3.98it/s]
[ val ] epo: 40 | avg.loss:0.4861 | avg.acc:81.760 (curr:88.000): 100% 200/200 [00:07<00:00, 27.40it/s]
  0% 0/92 [00:00<?, ?it/s]
[ log ] *********A better model is found (81.760) *********
[ log ] saving @ checkpoints/cub/1shot-5way/cub_5w1s
[train] epo: 41 | avg.loss:8.3626(0.9823) | avg.acc:83.319 (curr:92.000): 100% 92/92 [00:23<00:00,  3.98it/s]
[ val ] epo: 41 | avg.loss:0.5050 | avg.acc:81.251 (curr:90.667):  96% 192/200 [00:07<00:00, 27.54it/s]
[ log ] saving @ checkpoints/cub/1shot-5way/cub_5w1s
[ val ] epo: 41 | avg.loss:0.5001 | avg.acc:81.507 (curr:89.333): 100% 200/200 [00:07<00:00, 27.26it/s]
[train] epo: 42 | avg.loss:8.4375(0.9823) | avg.acc:83.246 (curr:80.000): 100% 92/92 [00:23<00:00,  3.90it/s]
[ val ] epo: 42 | avg.loss:0.5517 | avg.acc:82.287 (curr:86.667): 100% 200/200 [00:07<00:00, 27.33it/s]
  0% 0/92 [00:00<?, ?it/s]
[ log ] *********A better model is found (82.287) *********
[ log ] saving @ checkpoints/cub/1shot-5way/cub_5w1s
[train] epo: 43 | avg.loss:8.4313(0.9838) | avg.acc:82.638 (curr:70.667): 100% 92/92 [00:23<00:00,  3.94it/s]
[ val ] epo: 43 | avg.loss:0.4791 | avg.acc:81.758 (curr:85.333):  99% 198/200 [00:07<00:00, 27.57it/s]
[ log ] saving @ checkpoints/cub/1shot-5way/cub_5w1s
[ val ] epo: 43 | avg.loss:0.4771 | avg.acc:81.840 (curr:82.667): 100% 200/200 [00:07<00:00, 27.25it/s]
[train] epo: 44 | avg.loss:8.4163(0.9818) | avg.acc:81.638 (curr:86.667): 100% 92/92 [00:23<00:00,  3.94it/s]
[ val ] epo: 44 | avg.loss:0.4551 | avg.acc:83.793 (curr:84.000): 100% 200/200 [00:07<00:00, 27.33it/s]
  0% 0/92 [00:00<?, ?it/s]
[ log ] *********A better model is found (83.793) *********
[ log ] saving @ checkpoints/cub/1shot-5way/cub_5w1s
[train] epo: 45 | avg.loss:8.2917(0.9823) | avg.acc:83.116 (curr:90.667): 100% 92/92 [00:23<00:00,  3.94it/s]
[ val ] epo: 45 | avg.loss:0.4772 | avg.acc:81.881 (curr:77.333):  94% 189/200 [00:06<00:00, 27.49it/s]
[ log ] saving @ checkpoints/cub/1shot-5way/cub_5w1s
[ val ] epo: 45 | avg.loss:0.4750 | avg.acc:81.927 (curr:90.667): 100% 200/200 [00:07<00:00, 27.33it/s]
[train] epo: 46 | avg.loss:8.2660(0.9827) | avg.acc:83.188 (curr:88.000): 100% 92/92 [00:23<00:00,  3.94it/s]
[ val ] epo: 46 | avg.loss:0.5048 | avg.acc:81.073 (curr:88.000): 100% 200/200 [00:07<00:00, 27.28it/s]
  0% 0/92 [00:00<?, ?it/s]
[ log ] saving @ checkpoints/cub/1shot-5way/cub_5w1s
[train] epo: 47 | avg.loss:8.1982(0.9834) | avg.acc:83.609 (curr:65.333): 100% 92/92 [00:23<00:00,  3.97it/s]
[ val ] epo: 47 | avg.loss:0.4843 | avg.acc:81.653 (curr:82.667): 100% 200/200 [00:07<00:00, 27.26it/s]
  0% 0/92 [00:00<?, ?it/s]
[ log ] saving @ checkpoints/cub/1shot-5way/cub_5w1s
[train] epo: 48 | avg.loss:8.1450(0.9817) | avg.acc:84.652 (curr:73.333): 100% 92/92 [00:23<00:00,  3.92it/s]
[ val ] epo: 48 | avg.loss:0.4968 | avg.acc:80.877 (curr:81.333):  96% 192/200 [00:07<00:00, 27.72it/s]
[ log ] saving @ checkpoints/cub/1shot-5way/cub_5w1s
[ val ] epo: 48 | avg.loss:0.4922 | avg.acc:81.073 (curr:90.667): 100% 200/200 [00:07<00:00, 27.31it/s]
[train] epo: 49 | avg.loss:8.1566(0.9824) | avg.acc:84.174 (curr:85.333): 100% 92/92 [00:23<00:00,  3.94it/s]
[ val ] epo: 49 | avg.loss:0.5850 | avg.acc:77.840 (curr:82.667): 100% 200/200 [00:07<00:00, 27.23it/s]
  0% 0/92 [00:00<?, ?it/s]
[ log ] saving @ checkpoints/cub/1shot-5way/cub_5w1s
[train] epo: 50 | avg.loss:7.9439(0.9851) | avg.acc:84.000 (curr:84.000):   7% 6/92 [00:02<00:27,  3.14it/s]
[train] epo: 50 | avg.loss:8.0334(0.9855) | avg.acc:83.556 (curr:81.333):  15% 14/92 [00:04<00:19,  3.97it/s]
[train] epo: 50 | avg.loss:8.1687(0.9843) | avg.acc:82.957 (curr:82.667):  25% 23/92 [00:06<00:16,  4.18it/s]
[train] epo: 50 | avg.loss:8.2206(0.9837) | avg.acc:82.917 (curr:86.667):  34% 31/92 [00:08<00:14,  4.18it/s]
[train] epo: 50 | avg.loss:8.1673(0.9832) | avg.acc:83.600 (curr:89.333):  43% 40/92 [00:10<00:12,  4.22it/s]
[train] epo: 50 | avg.loss:8.1821(0.9827) | avg.acc:83.265 (curr:88.000):  52% 48/92 [00:12<00:10,  4.21it/s]
[train] epo: 50 | avg.loss:8.1690(0.9825) | avg.acc:83.509 (curr:90.667):  62% 57/92 [00:15<00:08,  4.20it/s]
[train] epo: 50 | avg.loss:8.1721(0.9825) | avg.acc:83.657 (curr:88.000):  71% 65/92 [00:17<00:06,  4.14it/s]
[train] epo: 50 | avg.loss:8.1615(0.9825) | avg.acc:83.838 (curr:84.000):  79% 73/92 [00:18<00:04,  4.17it/s]
[train] epo: 50 | avg.loss:8.2048(0.9821) | avg.acc:83.759 (curr:82.667):  89% 82/92 [00:21<00:02,  4.29it/s]
[train] epo: 50 | avg.loss:8.1950(0.9823) | avg.acc:84.073 (curr:93.333):  98% 90/92 [00:23<00:00,  4.13it/s]
[ val ] epo: 50 | avg.loss:0.4913 | avg.acc:81.008 (curr:88.000):  20% 39/200 [00:01<00:05, 27.75it/s]91it/s]
[ val ] epo: 50 | avg.loss:0.4885 | avg.acc:81.540 (curr:88.000):  48% 96/200 [00:03<00:03, 27.66it/s]91it/s]
[ val ] epo: 50 | avg.loss:0.4960 | avg.acc:81.028 (curr:80.000):  76% 153/200 [00:05<00:01, 27.69it/s]1it/s]
  0% 0/92 [00:00<?, ?it/s]:0.4880 | avg.acc:81.347 (curr:85.333): 100% 200/200 [00:07<00:00, 27.25it/s]1it/s]
  0% 0/92 [00:00<?, ?it/s]:0.4880 | avg.acc:81.347 (curr:85.333): 100% 200/200 [00:07<00:00, 27.25it/s]1it/s]
[ log ] saving @ checkpoints/cub/1shot-5way/cub_5w1s
[train] epo: 51 | avg.loss:8.6756(0.9775) | avg.acc:80.667 (curr:72.000):   2% 2/92 [00:01<01:13,  1.22it/s]]
[train] epo: 51 | avg.loss:7.8570(0.9820) | avg.acc:84.727 (curr:82.667):  11% 10/92 [00:03<00:20,  3.96it/s]
[train] epo: 51 | avg.loss:7.8954(0.9828) | avg.acc:85.267 (curr:80.000):  21% 19/92 [00:05<00:17,  4.22it/s]
[train] epo: 51 | avg.loss:7.8801(0.9834) | avg.acc:84.286 (curr:90.667):  29% 27/92 [00:07<00:15,  4.26it/s]
[train] epo: 51 | avg.loss:7.9557(0.9832) | avg.acc:84.252 (curr:82.667):  39% 36/92 [00:10<00:13,  4.19it/s]
[train] epo: 51 | avg.loss:7.9995(0.9822) | avg.acc:84.148 (curr:61.333):  48% 44/92 [00:11<00:11,  4.25it/s]
[train] epo: 51 | avg.loss:8.0355(0.9819) | avg.acc:84.050 (curr:92.000):  58% 53/92 [00:14<00:09,  4.15it/s]
[train] epo: 51 | avg.loss:8.0257(0.9825) | avg.acc:83.979 (curr:77.333):  66% 61/92 [00:15<00:07,  4.25it/s]
[train] epo: 51 | avg.loss:8.0735(0.9827) | avg.acc:84.150 (curr:89.333):  76% 70/92 [00:18<00:05,  4.26it/s]
[train] epo: 51 | avg.loss:8.0957(0.9825) | avg.acc:83.764 (curr:86.667):  86% 79/92 [00:20<00:03,  4.31it/s]
[train] epo: 51 | avg.loss:8.0968(0.9822) | avg.acc:84.439 (curr:86.667):  95% 87/92 [00:22<00:01,  4.32it/s]
[ val ] epo: 51 | avg.loss:0.4553 | avg.acc:86.303 (curr:86.667):  10% 21/200 [00:00<00:06, 27.80it/s]96it/s]
[ val ] epo: 51 | avg.loss:0.4740 | avg.acc:84.359 (curr:88.000):  39% 78/200 [00:02<00:04, 27.69it/s]96it/s]
[ val ] epo: 51 | avg.loss:0.4705 | avg.acc:84.527 (curr:81.333):  66% 132/200 [00:04<00:02, 27.29it/s]6it/s]
[ val ] epo: 51 | avg.loss:0.4692 | avg.acc:84.533 (curr:78.667):  94% 189/200 [00:06<00:00, 27.64it/s]6it/s]
  0% 0/92 [00:00<?, ?it/s]:0.4653 | avg.acc:84.680 (curr:94.667): 100% 200/200 [00:07<00:00, 27.20it/s]6it/s]
  0% 0/92 [00:00<?, ?it/s]:0.4653 | avg.acc:84.680 (curr:94.667): 100% 200/200 [00:07<00:00, 27.20it/s]6it/s]
[ log ] *********A better model is found (84.680) *********
[ log ] saving @ checkpoints/cub/1shot-5way/cub_5w1s
[train] epo: 52 | avg.loss:8.1086(0.9751) | avg.acc:84.333 (curr:92.000):   8% 7/92 [00:03<00:24,  3.44it/s]]
[train] epo: 52 | avg.loss:8.0341(0.9803) | avg.acc:83.583 (curr:84.000):  17% 16/92 [00:05<00:18,  4.17it/s]
[train] epo: 52 | avg.loss:8.0542(0.9804) | avg.acc:83.307 (curr:77.333):  26% 24/92 [00:07<00:15,  4.28it/s]
[train] epo: 52 | avg.loss:8.0514(0.9811) | avg.acc:82.667 (curr:78.667):  34% 31/92 [00:08<00:14,  4.25it/s]
[train] epo: 52 | avg.loss:8.0488(0.9813) | avg.acc:83.133 (curr:84.000):  42% 39/92 [00:10<00:12,  4.17it/s]
[train] epo: 52 | avg.loss:8.0162(0.9815) | avg.acc:83.917 (curr:90.667):  52% 48/92 [00:12<00:10,  4.27it/s]
[train] epo: 52 | avg.loss:8.0111(0.9818) | avg.acc:84.164 (curr:82.667):  61% 56/92 [00:14<00:08,  4.24it/s]
[train] epo: 52 | avg.loss:8.0496(0.9819) | avg.acc:83.877 (curr:90.667):  71% 65/92 [00:16<00:06,  4.21it/s]
[train] epo: 52 | avg.loss:8.1104(0.9822) | avg.acc:83.694 (curr:88.000):  79% 73/92 [00:18<00:04,  4.19it/s]
[train] epo: 52 | avg.loss:8.1196(0.9823) | avg.acc:83.740 (curr:81.333):  89% 82/92 [00:20<00:02,  4.14it/s]
[train] epo: 52 | avg.loss:8.1062(0.9822) | avg.acc:84.088 (curr:92.000):  98% 90/92 [00:22<00:00,  4.30it/s]
[ val ] epo: 52 | avg.loss:0.4612 | avg.acc:82.309 (curr:82.667):  20% 39/200 [00:01<00:05, 27.54it/s]93it/s]
[ val ] epo: 52 | avg.loss:0.4683 | avg.acc:82.062 (curr:88.000):  48% 96/200 [00:03<00:03, 27.61it/s]93it/s]
[ val ] epo: 52 | avg.loss:0.4671 | avg.acc:82.327 (curr:81.333):  76% 153/200 [00:05<00:01, 27.62it/s]3it/s]
  0% 0/92 [00:00<?, ?it/s]:0.4570 | avg.acc:82.767 (curr:88.000): 100% 200/200 [00:07<00:00, 27.23it/s]3it/s]
  0% 0/92 [00:00<?, ?it/s]:0.4570 | avg.acc:82.767 (curr:88.000): 100% 200/200 [00:07<00:00, 27.23it/s]3it/s]
[ log ] saving @ checkpoints/cub/1shot-5way/cub_5w1s
[train] epo: 53 | avg.loss:8.2928(0.9771) | avg.acc:84.667 (curr:81.333):   3% 3/92 [00:02<00:52,  1.71it/s]]
[train] epo: 53 | avg.loss:7.9686(0.9827) | avg.acc:85.436 (curr:89.333):  13% 12/92 [00:04<00:19,  4.09it/s]
[train] epo: 53 | avg.loss:7.8959(0.9831) | avg.acc:85.079 (curr:97.333):  23% 21/92 [00:06<00:16,  4.24it/s]
[train] epo: 53 | avg.loss:7.9970(0.9833) | avg.acc:83.600 (curr:92.000):  32% 29/92 [00:08<00:14,  4.26it/s]
[train] epo: 53 | avg.loss:7.9156(0.9833) | avg.acc:84.632 (curr:92.000):  41% 38/92 [00:10<00:12,  4.26it/s]
[train] epo: 53 | avg.loss:8.0062(0.9826) | avg.acc:84.596 (curr:78.667):  50% 46/92 [00:12<00:10,  4.28it/s]
[train] epo: 53 | avg.loss:7.9558(0.9824) | avg.acc:84.881 (curr:94.667):  60% 55/92 [00:14<00:08,  4.27it/s]
[train] epo: 53 | avg.loss:7.9440(0.9825) | avg.acc:85.250 (curr:88.000):  70% 64/92 [00:16<00:06,  4.27it/s]
[train] epo: 53 | avg.loss:7.9721(0.9822) | avg.acc:85.041 (curr:81.333):  78% 72/92 [00:18<00:04,  4.28it/s]
[train] epo: 53 | avg.loss:7.9572(0.9823) | avg.acc:85.119 (curr:85.333):  88% 81/92 [00:20<00:02,  4.31it/s]
[train] epo: 53 | avg.loss:7.9668(0.9822) | avg.acc:84.889 (curr:85.333):  98% 90/92 [00:22<00:00,  4.32it/s]
[ val ] epo: 53 | avg.loss:0.4919 | avg.acc:82.090 (curr:81.333):  18% 36/200 [00:01<00:05, 27.76it/s]96it/s]
[ val ] epo: 53 | avg.loss:0.4917 | avg.acc:82.481 (curr:88.000):  39% 78/200 [00:02<00:04, 27.67it/s]96it/s]
[ val ] epo: 53 | avg.loss:0.4849 | avg.acc:82.509 (curr:80.000):  68% 135/200 [00:04<00:02, 27.68it/s]6it/s]
[ val ] epo: 53 | avg.loss:0.4912 | avg.acc:82.269 (curr:76.000):  94% 189/200 [00:06<00:00, 27.49it/s]6it/s]
[train] epo: 54 | avg.loss:8.7377(0.9824) | avg.acc:72.667 (curr:66.667):   1% 1/92 [00:01<02:30,  1.65s/it]]
[train] epo: 54 | avg.loss:8.7377(0.9824) | avg.acc:72.667 (curr:66.667):   1% 1/92 [00:01<02:30,  1.65s/it]]
[ log ] saving @ checkpoints/cub/1shot-5way/cub_5w1s
[train] epo: 54 | avg.loss:8.1441(0.9846) | avg.acc:83.867 (curr:84.000):  10% 9/92 [00:03<00:22,  3.77it/s]]
[train] epo: 54 | avg.loss:7.8963(0.9826) | avg.acc:84.702 (curr:85.333):  20% 18/92 [00:05<00:17,  4.27it/s]
[train] epo: 54 | avg.loss:7.8561(0.9833) | avg.acc:85.728 (curr:94.667):  29% 27/92 [00:07<00:15,  4.26it/s]
[train] epo: 54 | avg.loss:7.9516(0.9835) | avg.acc:85.111 (curr:82.667):  38% 35/92 [00:09<00:13,  4.24it/s]
[train] epo: 54 | avg.loss:8.0340(0.9828) | avg.acc:84.152 (curr:78.667):  48% 44/92 [00:11<00:11,  4.27it/s]
[train] epo: 54 | avg.loss:8.0469(0.9824) | avg.acc:84.579 (curr:93.333):  57% 52/92 [00:13<00:09,  4.28it/s]
[train] epo: 54 | avg.loss:8.0504(0.9826) | avg.acc:84.366 (curr:93.333):  66% 61/92 [00:15<00:07,  4.16it/s]
[train] epo: 54 | avg.loss:8.0435(0.9827) | avg.acc:84.743 (curr:90.667):  75% 69/92 [00:17<00:05,  4.14it/s]
[train] epo: 54 | avg.loss:8.0707(0.9823) | avg.acc:84.632 (curr:82.667):  85% 78/92 [00:19<00:03,  4.12it/s]
[train] epo: 54 | avg.loss:8.1220(0.9821) | avg.acc:84.475 (curr:85.333):  93% 86/92 [00:21<00:01,  4.22it/s]
[ val ] epo: 54 | avg.loss:0.4533 | avg.acc:82.476 (curr:80.000):   6% 12/200 [00:00<00:06, 27.34it/s]94it/s]
[ val ] epo: 54 | avg.loss:0.4599 | avg.acc:83.105 (curr:82.667):  34% 69/200 [00:02<00:04, 27.55it/s]94it/s]
[ val ] epo: 54 | avg.loss:0.4693 | avg.acc:82.646 (curr:81.333):  63% 126/200 [00:04<00:02, 27.68it/s]4it/s]
[ val ] epo: 54 | avg.loss:0.4726 | avg.acc:82.637 (curr:81.333):  90% 180/200 [00:06<00:00, 27.31it/s]4it/s]
  0% 0/92 [00:00<?, ?it/s]:0.4719 | avg.acc:82.627 (curr:84.000): 100% 200/200 [00:07<00:00, 27.24it/s]4it/s]
  0% 0/92 [00:00<?, ?it/s]:0.4719 | avg.acc:82.627 (curr:84.000): 100% 200/200 [00:07<00:00, 27.24it/s]4it/s]
[ log ] saving @ checkpoints/cub/1shot-5way/cub_5w1s
[train] epo: 55 | avg.loss:7.6846(0.9853) | avg.acc:87.619 (curr:85.333):   7% 6/92 [00:02<00:27,  3.14it/s]]
[train] epo: 55 | avg.loss:7.6682(0.9831) | avg.acc:86.756 (curr:84.000):  15% 14/92 [00:04<00:19,  4.05it/s]
[train] epo: 55 | avg.loss:7.8566(0.9820) | avg.acc:85.797 (curr:85.333):  25% 23/92 [00:06<00:16,  4.07it/s]
[train] epo: 55 | avg.loss:7.8798(0.9831) | avg.acc:86.710 (curr:93.333):  34% 31/92 [00:08<00:14,  4.07it/s]
[train] epo: 55 | avg.loss:7.9902(0.9826) | avg.acc:85.800 (curr:88.000):  42% 39/92 [00:11<00:12,  4.11it/s]
[train] epo: 55 | avg.loss:8.0059(0.9823) | avg.acc:85.750 (curr:96.000):  51% 47/92 [00:12<00:10,  4.21it/s]
[train] epo: 55 | avg.loss:7.9775(0.9829) | avg.acc:86.238 (curr:84.000):  61% 56/92 [00:15<00:08,  4.26it/s]
[train] epo: 55 | avg.loss:7.9496(0.9827) | avg.acc:86.379 (curr:92.000):  70% 64/92 [00:17<00:06,  4.11it/s]
[train] epo: 55 | avg.loss:7.9399(0.9825) | avg.acc:86.466 (curr:88.000):  79% 73/92 [00:19<00:04,  4.25it/s]
[train] epo: 55 | avg.loss:7.9313(0.9822) | avg.acc:86.520 (curr:70.667):  88% 81/92 [00:21<00:02,  4.30it/s]
[train] epo: 55 | avg.loss:7.9744(0.9823) | avg.acc:85.919 (curr:81.333):  98% 90/92 [00:23<00:00,  4.33it/s]
[ val ] epo: 55 | avg.loss:0.4751 | avg.acc:82.291 (curr:88.000):  20% 39/200 [00:01<00:05, 27.79it/s]89it/s]
[ val ] epo: 55 | avg.loss:0.4588 | avg.acc:82.695 (curr:78.667):  46% 93/200 [00:03<00:03, 27.52it/s]89it/s]
[ val ] epo: 55 | avg.loss:0.4698 | avg.acc:82.375 (curr:82.667):  75% 150/200 [00:05<00:01, 27.62it/s]9it/s]
  0% 0/92 [00:00<?, ?it/s]:0.4699 | avg.acc:82.480 (curr:81.333): 100% 200/200 [00:07<00:00, 27.20it/s]9it/s]
  0% 0/92 [00:00<?, ?it/s]:0.4699 | avg.acc:82.480 (curr:81.333): 100% 200/200 [00:07<00:00, 27.20it/s]9it/s]
[ log ] saving @ checkpoints/cub/1shot-5way/cub_5w1s
[train] epo: 56 | avg.loss:7.1676(0.9813) | avg.acc:84.667 (curr:84.000):   2% 2/92 [00:01<01:12,  1.25it/s]]
[train] epo: 56 | avg.loss:7.7568(0.9804) | avg.acc:86.061 (curr:82.667):  11% 10/92 [00:03<00:20,  3.99it/s]
[train] epo: 56 | avg.loss:7.6981(0.9804) | avg.acc:86.133 (curr:82.667):  21% 19/92 [00:05<00:16,  4.33it/s]
[train] epo: 56 | avg.loss:7.7871(0.9811) | avg.acc:85.667 (curr:88.000):  30% 28/92 [00:07<00:14,  4.27it/s]
[train] epo: 56 | avg.loss:7.8850(0.9818) | avg.acc:84.865 (curr:78.667):  39% 36/92 [00:09<00:13,  4.27it/s]
[train] epo: 56 | avg.loss:7.9473(0.9819) | avg.acc:84.444 (curr:74.667):  49% 45/92 [00:11<00:11,  4.25it/s]
[train] epo: 56 | avg.loss:7.9449(0.9820) | avg.acc:84.395 (curr:80.000):  58% 53/92 [00:13<00:09,  4.21it/s]
[train] epo: 56 | avg.loss:7.9586(0.9818) | avg.acc:84.108 (curr:90.667):  67% 62/92 [00:15<00:07,  4.22it/s]
[train] epo: 56 | avg.loss:7.9231(0.9821) | avg.acc:84.376 (curr:73.333):  76% 70/92 [00:17<00:05,  4.21it/s]
[train] epo: 56 | avg.loss:7.9382(0.9822) | avg.acc:84.321 (curr:82.667):  86% 79/92 [00:19<00:03,  4.23it/s]
[train] epo: 56 | avg.loss:7.9599(0.9822) | avg.acc:84.424 (curr:80.000):  95% 87/92 [00:21<00:01,  4.29it/s]
[ val ] epo: 56 | avg.loss:0.5155 | avg.acc:80.754 (curr:80.000):  10% 21/200 [00:00<00:06, 27.70it/s]98it/s]
[ val ] epo: 56 | avg.loss:0.5337 | avg.acc:79.629 (curr:82.667):  39% 78/200 [00:02<00:04, 27.76it/s]98it/s]
[ val ] epo: 56 | avg.loss:0.5243 | avg.acc:80.306 (curr:86.667):  68% 135/200 [00:04<00:02, 27.85it/s]8it/s]
[ val ] epo: 56 | avg.loss:0.5278 | avg.acc:79.860 (curr:70.667):  94% 189/200 [00:06<00:00, 27.80it/s]8it/s]
[train] epo: 57 | avg.loss:8.5839(0.9882) | avg.acc:75.333 (curr:81.333):   1% 1/92 [00:01<02:28,  1.63s/it]]
[train] epo: 57 | avg.loss:8.5839(0.9882) | avg.acc:75.333 (curr:81.333):   1% 1/92 [00:01<02:28,  1.63s/it]]
[ log ] saving @ checkpoints/cub/1shot-5way/cub_5w1s
[train] epo: 57 | avg.loss:8.2354(0.9858) | avg.acc:79.394 (curr:70.667):  11% 10/92 [00:03<00:20,  3.97it/s]
[train] epo: 57 | avg.loss:8.2610(0.9839) | avg.acc:80.070 (curr:84.000):  21% 19/92 [00:05<00:17,  4.25it/s]
[train] epo: 57 | avg.loss:8.2721(0.9842) | avg.acc:80.905 (curr:73.333):  29% 27/92 [00:07<00:15,  4.26it/s]
[train] epo: 57 | avg.loss:8.2024(0.9835) | avg.acc:80.667 (curr:76.000):  39% 36/92 [00:09<00:13,  4.20it/s]
[train] epo: 57 | avg.loss:8.1202(0.9833) | avg.acc:81.778 (curr:85.333):  48% 44/92 [00:11<00:11,  4.22it/s]
[train] epo: 57 | avg.loss:8.1513(0.9826) | avg.acc:81.937 (curr:90.667):  58% 53/92 [00:13<00:09,  4.24it/s]
[train] epo: 57 | avg.loss:8.1302(0.9824) | avg.acc:82.925 (curr:81.333):  66% 61/92 [00:15<00:07,  4.23it/s]
[train] epo: 57 | avg.loss:8.1132(0.9823) | avg.acc:83.200 (curr:84.000):  76% 70/92 [00:17<00:05,  4.25it/s]
[train] epo: 57 | avg.loss:8.0746(0.9821) | avg.acc:83.916 (curr:93.333):  85% 78/92 [00:19<00:03,  4.29it/s]
[train] epo: 57 | avg.loss:8.0770(0.9821) | avg.acc:83.985 (curr:86.667):  95% 87/92 [00:21<00:01,  4.31it/s]
[ val ] epo: 57 | avg.loss:0.5440 | avg.acc:78.730 (curr:93.333):  10% 21/200 [00:00<00:06, 27.86it/s]97it/s]
[ val ] epo: 57 | avg.loss:0.5723 | avg.acc:78.597 (curr:78.667):  38% 75/200 [00:02<00:04, 27.52it/s]97it/s]
[ val ] epo: 57 | avg.loss:0.5502 | avg.acc:79.641 (curr:82.667):  58% 117/200 [00:04<00:03, 27.51it/s]7it/s]
[ val ] epo: 57 | avg.loss:0.5571 | avg.acc:79.291 (curr:92.000):  87% 174/200 [00:06<00:00, 27.62it/s]7it/s]
  0% 0/92 [00:00<?, ?it/s]:0.5550 | avg.acc:79.347 (curr:69.333): 100% 200/200 [00:07<00:00, 27.22it/s]7it/s]
  0% 0/92 [00:00<?, ?it/s]:0.5550 | avg.acc:79.347 (curr:69.333): 100% 200/200 [00:07<00:00, 27.22it/s]7it/s]
[ log ] saving @ checkpoints/cub/1shot-5way/cub_5w1s
[train] epo: 58 | avg.loss:7.8545(0.9817) | avg.acc:84.167 (curr:93.333):   8% 7/92 [00:03<00:24,  3.42it/s]]
[train] epo: 58 | avg.loss:7.9453(0.9826) | avg.acc:82.500 (curr:85.333):  17% 16/92 [00:05<00:17,  4.22it/s]
[train] epo: 58 | avg.loss:7.8785(0.9819) | avg.acc:84.373 (curr:89.333):  26% 24/92 [00:07<00:15,  4.27it/s]
[train] epo: 58 | avg.loss:7.9448(0.9829) | avg.acc:84.039 (curr:80.000):  36% 33/92 [00:09<00:13,  4.26it/s]
[train] epo: 58 | avg.loss:7.9314(0.9828) | avg.acc:84.667 (curr:90.667):  45% 41/92 [00:11<00:11,  4.26it/s]
[train] epo: 58 | avg.loss:7.9385(0.9824) | avg.acc:84.837 (curr:89.333):  54% 50/92 [00:13<00:09,  4.27it/s]
[train] epo: 58 | avg.loss:7.9918(0.9825) | avg.acc:84.746 (curr:92.000):  64% 59/92 [00:15<00:07,  4.22it/s]
[train] epo: 58 | avg.loss:8.0166(0.9824) | avg.acc:84.647 (curr:88.000):  73% 67/92 [00:17<00:05,  4.27it/s]
[train] epo: 58 | avg.loss:7.9933(0.9825) | avg.acc:84.912 (curr:89.333):  83% 76/92 [00:19<00:03,  4.28it/s]
[train] epo: 58 | avg.loss:8.0070(0.9825) | avg.acc:84.831 (curr:98.667):  91% 84/92 [00:21<00:01,  4.35it/s]
[ val ] epo: 58 | avg.loss:0.4321 | avg.acc:85.333 (curr:85.333):   2% 3/200 [00:00<00:07, 26.36it/s].97it/s]
[ val ] epo: 58 | avg.loss:0.4779 | avg.acc:82.186 (curr:84.000):  30% 60/200 [00:02<00:05, 27.71it/s]97it/s]
[ val ] epo: 58 | avg.loss:0.4864 | avg.acc:81.584 (curr:73.333):  58% 117/200 [00:04<00:02, 27.68it/s]7it/s]
[ val ] epo: 58 | avg.loss:0.4910 | avg.acc:81.472 (curr:77.333):  86% 171/200 [00:06<00:01, 27.60it/s]7it/s]
[ val ] epo: 58 | avg.loss:0.4910 | avg.acc:81.472 (curr:77.333):  86% 171/200 [00:06<00:01, 27.60it/s]7it/s]
[ log ] saving @ checkpoints/cub/1shot-5way/cub_5w1s
  0% 0/92 [00:00<?, ?it/s]:0.4910 | avg.acc:81.320 (curr:80.000): 100% 200/200 [00:07<00:00, 27.30it/s]7it/s]
[train] epo: 59 | avg.loss:8.2253(0.9816) | avg.acc:82.133 (curr:92.000):   4% 4/92 [00:02<00:39,  2.24it/s]]
[train] epo: 59 | avg.loss:7.9501(0.9829) | avg.acc:84.615 (curr:85.333):  14% 13/92 [00:04<00:19,  4.01it/s]
[train] epo: 59 | avg.loss:8.0578(0.9829) | avg.acc:84.485 (curr:80.000):  23% 21/92 [00:06<00:17,  4.04it/s]
[train] epo: 59 | avg.loss:8.1889(0.9825) | avg.acc:82.889 (curr:69.333):  32% 29/92 [00:08<00:15,  4.07it/s]
[train] epo: 59 | avg.loss:8.2070(0.9831) | avg.acc:83.158 (curr:84.000):  41% 38/92 [00:10<00:12,  4.20it/s]
[train] epo: 59 | avg.loss:8.1562(0.9826) | avg.acc:83.773 (curr:93.333):  50% 46/92 [00:12<00:10,  4.20it/s]
[train] epo: 59 | avg.loss:8.1361(0.9826) | avg.acc:83.927 (curr:85.333):  59% 54/92 [00:14<00:09,  4.17it/s]
[train] epo: 59 | avg.loss:8.1089(0.9824) | avg.acc:84.250 (curr:94.667):  68% 63/92 [00:16<00:06,  4.27it/s]
[train] epo: 59 | avg.loss:8.1023(0.9824) | avg.acc:84.574 (curr:80.000):  77% 71/92 [00:18<00:05,  4.12it/s]
[train] epo: 59 | avg.loss:8.1089(0.9826) | avg.acc:84.467 (curr:81.333):  87% 80/92 [00:20<00:02,  4.27it/s]
[train] epo: 59 | avg.loss:8.1038(0.9826) | avg.acc:84.285 (curr:92.000):  96% 88/92 [00:22<00:00,  4.30it/s]
[ val ] epo: 59 | avg.loss:0.4803 | avg.acc:81.885 (curr:70.667):  14% 27/200 [00:01<00:06, 27.66it/s]88it/s]
[ val ] epo: 59 | avg.loss:0.4697 | avg.acc:82.322 (curr:96.000):  42% 84/200 [00:03<00:04, 27.70it/s]88it/s]
[ val ] epo: 59 | avg.loss:0.4749 | avg.acc:82.005 (curr:64.000):  70% 141/200 [00:05<00:02, 27.47it/s]8it/s]
[ val ] epo: 59 | avg.loss:0.4794 | avg.acc:81.902 (curr:81.333):  98% 195/200 [00:07<00:00, 27.63it/s]8it/s]
[ val ] epo: 59 | avg.loss:0.4794 | avg.acc:81.902 (curr:81.333):  98% 195/200 [00:07<00:00, 27.63it/s]8it/s]
[ log ] saving @ checkpoints/cub/1shot-5way/cub_5w1s
[train] epo: 60 | avg.loss:8.0259(0.9832) | avg.acc:89.333 (curr:97.333):   2% 2/92 [00:01<01:15,  1.19it/s]]
[train] epo: 60 | avg.loss:8.1650(0.9802) | avg.acc:82.424 (curr:81.333):  11% 10/92 [00:03<00:21,  3.90it/s]
[train] epo: 60 | avg.loss:8.0257(0.9806) | avg.acc:83.719 (curr:90.667):  21% 19/92 [00:05<00:17,  4.10it/s]
[train] epo: 60 | avg.loss:7.9999(0.9801) | avg.acc:84.048 (curr:72.000):  29% 27/92 [00:07<00:15,  4.23it/s]
[train] epo: 60 | avg.loss:7.9840(0.9805) | avg.acc:82.852 (curr:73.333):  38% 35/92 [00:09<00:13,  4.17it/s]
[train] epo: 60 | avg.loss:7.8906(0.9816) | avg.acc:83.970 (curr:94.667):  48% 44/92 [00:12<00:11,  4.16it/s]
[train] epo: 60 | avg.loss:7.9543(0.9820) | avg.acc:83.396 (curr:90.667):  57% 52/92 [00:13<00:09,  4.27it/s]
[train] epo: 60 | avg.loss:7.9490(0.9821) | avg.acc:83.412 (curr:78.667):  64% 59/92 [00:15<00:07,  4.20it/s]
[train] epo: 60 | avg.loss:7.9437(0.9820) | avg.acc:83.784 (curr:88.000):  73% 67/92 [00:17<00:05,  4.23it/s]
[train] epo: 60 | avg.loss:7.9537(0.9821) | avg.acc:83.930 (curr:89.333):  83% 76/92 [00:19<00:03,  4.20it/s]
[train] epo: 60 | avg.loss:7.9640(0.9822) | avg.acc:83.890 (curr:82.667):  91% 84/92 [00:21<00:01,  4.27it/s]
[ val ] epo: 60 | avg.loss:0.3784 | avg.acc:88.000 (curr:90.667):   2% 3/200 [00:00<00:07, 27.66it/s].93it/s]
[ val ] epo: 60 | avg.loss:0.4442 | avg.acc:83.729 (curr:86.667):  28% 57/200 [00:02<00:05, 27.62it/s]93it/s]
[ val ] epo: 60 | avg.loss:0.4481 | avg.acc:83.304 (curr:97.333):  57% 114/200 [00:04<00:03, 27.67it/s]3it/s]
[ val ] epo: 60 | avg.loss:0.4529 | avg.acc:83.228 (curr:96.000):  86% 171/200 [00:06<00:01, 27.70it/s]3it/s]
[ val ] epo: 60 | avg.loss:0.4529 | avg.acc:83.228 (curr:96.000):  86% 171/200 [00:06<00:01, 27.70it/s]3it/s]
[ log ] saving @ checkpoints/cub/1shot-5way/cub_5w1s
  0% 0/92 [00:00<?, ?it/s]:0.4491 | avg.acc:83.373 (curr:84.000): 100% 200/200 [00:07<00:00, 27.27it/s]3it/s]
[train] epo: 61 | avg.loss:7.7278(0.9820) | avg.acc:85.524 (curr:78.667):   7% 6/92 [00:02<00:27,  3.13it/s]]
[train] epo: 61 | avg.loss:7.7500(0.9799) | avg.acc:83.667 (curr:85.333):  16% 15/92 [00:05<00:18,  4.22it/s]
[train] epo: 61 | avg.loss:7.8220(0.9800) | avg.acc:83.944 (curr:96.000):  25% 23/92 [00:06<00:16,  4.09it/s]
[train] epo: 61 | avg.loss:7.7506(0.9798) | avg.acc:84.125 (curr:89.333):  35% 32/92 [00:09<00:14,  4.27it/s]
[train] epo: 61 | avg.loss:7.6845(0.9802) | avg.acc:84.520 (curr:81.333):  43% 40/92 [00:10<00:12,  4.27it/s]
[train] epo: 61 | avg.loss:7.5876(0.9805) | avg.acc:85.280 (curr:100.000):  53% 49/92 [00:13<00:10,  4.27it/s]
[train] epo: 61 | avg.loss:7.5068(0.9804) | avg.acc:85.977 (curr:85.333):  63% 58/92 [00:15<00:07,  4.27it/s]
[train] epo: 61 | avg.loss:7.4353(0.9802) | avg.acc:86.229 (curr:88.000):  72% 66/92 [00:17<00:06,  4.27it/s]
[train] epo: 61 | avg.loss:7.3949(0.9800) | avg.acc:86.578 (curr:93.333):  82% 75/92 [00:19<00:04,  4.21it/s]
[train] epo: 61 | avg.loss:7.3557(0.9798) | avg.acc:86.905 (curr:84.000):  90% 83/92 [00:21<00:02,  4.30it/s]
[train] epo: 61 | avg.loss:7.3148(0.9800) | avg.acc:86.855 (curr:77.333): 100% 92/92 [00:23<00:00,  4.29it/s]
[ val ] epo: 61 | avg.loss:0.3786 | avg.acc:85.923 (curr:68.000):  26% 51/200 [00:01<00:05, 27.71it/s]96it/s]
[ val ] epo: 61 | avg.loss:0.3625 | avg.acc:86.454 (curr:94.667):  46% 93/200 [00:03<00:03, 27.70it/s]96it/s]
[ val ] epo: 61 | avg.loss:0.3743 | avg.acc:85.707 (curr:82.667):  75% 150/200 [00:05<00:01, 27.78it/s]6it/s]
[ val ] epo: 61 | avg.loss:0.3697 | avg.acc:86.013 (curr:85.333): 100% 200/200 [00:07<00:00, 27.29it/s]6it/s]
[ val ] epo: 61 | avg.loss:0.3697 | avg.acc:86.013 (curr:85.333): 100% 200/200 [00:07<00:00, 27.29it/s]6it/s]
[ log ] *********A better model is found (86.013) *********
[ log ] saving @ checkpoints/cub/1shot-5way/cub_5w1s
[train] epo: 62 | avg.loss:7.1508(0.9790) | avg.acc:82.000 (curr:90.667):   1% 1/92 [00:01<02:36,  1.72s/it]]
[train] epo: 62 | avg.loss:6.8528(0.9785) | avg.acc:90.133 (curr:97.333):  10% 9/92 [00:03<00:22,  3.71it/s]
[train] epo: 62 | avg.loss:6.9272(0.9782) | avg.acc:90.815 (curr:94.667):  20% 18/92 [00:05<00:18,  4.07it/s]
[train] epo: 62 | avg.loss:6.8509(0.9780) | avg.acc:90.370 (curr:88.000):  28% 26/92 [00:07<00:15,  4.15it/s]
[train] epo: 62 | avg.loss:6.8932(0.9787) | avg.acc:89.029 (curr:89.333):  38% 35/92 [00:09<00:13,  4.10it/s]
[train] epo: 62 | avg.loss:6.9083(0.9786) | avg.acc:88.364 (curr:90.667):  47% 43/92 [00:11<00:11,  4.25it/s]
[train] epo: 62 | avg.loss:6.8813(0.9782) | avg.acc:88.718 (curr:88.000):  57% 52/92 [00:13<00:09,  4.26it/s]
[train] epo: 62 | avg.loss:6.8737(0.9784) | avg.acc:88.896 (curr:96.000):  65% 60/92 [00:15<00:07,  4.26it/s]
[train] epo: 62 | avg.loss:6.8685(0.9782) | avg.acc:88.762 (curr:80.000):  75% 69/92 [00:17<00:05,  4.26it/s]
[train] epo: 62 | avg.loss:6.8710(0.9782) | avg.acc:88.821 (curr:73.333):  85% 78/92 [00:19<00:03,  4.29it/s]
[train] epo: 62 | avg.loss:6.8933(0.9787) | avg.acc:88.490 (curr:78.667):  93% 86/92 [00:21<00:01,  4.32it/s]
[ val ] epo: 62 | avg.loss:0.3553 | avg.acc:86.583 (curr:92.000):   8% 15/200 [00:00<00:06, 27.61it/s]95it/s]
[ val ] epo: 62 | avg.loss:0.3582 | avg.acc:86.426 (curr:81.333):  36% 72/200 [00:02<00:04, 27.58it/s]95it/s]
[ val ] epo: 62 | avg.loss:0.3549 | avg.acc:86.406 (curr:72.000):  63% 126/200 [00:04<00:02, 27.52it/s]5it/s]
[ val ] epo: 62 | avg.loss:0.3629 | avg.acc:86.087 (curr:100.000):  92% 183/200 [00:06<00:00, 27.53it/s]it/s]
[ val ] epo: 62 | avg.loss:0.3629 | avg.acc:86.087 (curr:100.000):  92% 183/200 [00:06<00:00, 27.53it/s]it/s]
[ log ] *********A better model is found (86.180) *********
[ log ] saving @ checkpoints/cub/1shot-5way/cub_5w1s
  0% 0/92 [00:00<?, ?it/s]:0.3616 | avg.acc:86.180 (curr:84.000): 100% 200/200 [00:07<00:00, 27.23it/s] it/s]
[train] epo: 63 | avg.loss:6.7879(0.9822) | avg.acc:91.467 (curr:80.000):   4% 4/92 [00:02<00:38,  2.30it/s]]
[train] epo: 63 | avg.loss:6.7653(0.9798) | avg.acc:90.381 (curr:84.000):  14% 13/92 [00:04<00:18,  4.17it/s]
[train] epo: 63 | avg.loss:6.6738(0.9791) | avg.acc:90.545 (curr:88.000):  23% 21/92 [00:06<00:16,  4.26it/s]
[train] epo: 63 | avg.loss:6.7221(0.9784) | avg.acc:90.624 (curr:89.333):  33% 30/92 [00:08<00:14,  4.29it/s]
[train] epo: 63 | avg.loss:6.7319(0.9787) | avg.acc:90.735 (curr:80.000):  42% 39/92 [00:10<00:12,  4.29it/s]
[train] epo: 63 | avg.loss:6.6998(0.9786) | avg.acc:90.917 (curr:97.333):  51% 47/92 [00:12<00:10,  4.26it/s]
[train] epo: 63 | avg.loss:6.7163(0.9788) | avg.acc:90.526 (curr:92.000):  61% 56/92 [00:14<00:08,  4.29it/s]
[train] epo: 63 | avg.loss:6.7331(0.9784) | avg.acc:90.256 (curr:88.000):  71% 65/92 [00:16<00:06,  4.27it/s]
[train] epo: 63 | avg.loss:6.6920(0.9788) | avg.acc:90.378 (curr:97.333):  79% 73/92 [00:18<00:04,  4.28it/s]
[train] epo: 63 | avg.loss:6.7027(0.9782) | avg.acc:90.120 (curr:89.333):  89% 82/92 [00:20<00:02,  4.34it/s]
[train] epo: 63 | avg.loss:6.6877(0.9782) | avg.acc:90.154 (curr:94.667):  99% 91/92 [00:22<00:00,  4.32it/s]
[ val ] epo: 63 | avg.loss:0.3635 | avg.acc:86.430 (curr:85.333):  22% 45/200 [00:01<00:05, 27.48it/s]99it/s]
[ val ] epo: 63 | avg.loss:0.3529 | avg.acc:86.508 (curr:89.333):  50% 99/200 [00:03<00:03, 27.49it/s]99it/s]
[ val ] epo: 63 | avg.loss:0.3658 | avg.acc:85.936 (curr:78.667):  78% 156/200 [00:05<00:01, 27.68it/s]9it/s]
  0% 0/92 [00:00<?, ?it/s]:0.3610 | avg.acc:86.220 (curr:86.667): 100% 200/200 [00:07<00:00, 27.28it/s] it/s]
  0% 0/92 [00:00<?, ?it/s]:0.3610 | avg.acc:86.220 (curr:86.667): 100% 200/200 [00:07<00:00, 27.28it/s] it/s]
[ log ] *********A better model is found (86.220) *********
[ log ] saving @ checkpoints/cub/1shot-5way/cub_5w1s
[train] epo: 64 | avg.loss:7.1896(0.9807) | avg.acc:84.889 (curr:90.667):   2% 2/92 [00:02<01:17,  1.16it/s]]
[train] epo: 64 | avg.loss:6.5864(0.9798) | avg.acc:90.303 (curr:97.333):  12% 11/92 [00:04<00:20,  4.04it/s]
[train] epo: 64 | avg.loss:6.6738(0.9787) | avg.acc:90.067 (curr:92.000):  21% 19/92 [00:06<00:17,  4.15it/s]
[train] epo: 64 | avg.loss:6.6025(0.9788) | avg.acc:90.333 (curr:86.667):  30% 28/92 [00:08<00:15,  4.25it/s]
[train] epo: 64 | avg.loss:6.5891(0.9794) | avg.acc:91.063 (curr:94.667):  39% 36/92 [00:10<00:13,  4.20it/s]
[train] epo: 64 | avg.loss:6.5949(0.9794) | avg.acc:91.259 (curr:92.000):  49% 45/92 [00:12<00:11,  4.22it/s]
[train] epo: 64 | avg.loss:6.6123(0.9791) | avg.acc:91.259 (curr:92.000):  58% 53/92 [00:14<00:09,  4.27it/s]
[train] epo: 64 | avg.loss:6.5976(0.9798) | avg.acc:91.153 (curr:97.333):  67% 62/92 [00:16<00:06,  4.29it/s]
[train] epo: 64 | avg.loss:6.5887(0.9798) | avg.acc:91.493 (curr:90.667):  77% 71/92 [00:18<00:04,  4.29it/s]
[train] epo: 64 | avg.loss:6.5676(0.9797) | avg.acc:91.633 (curr:92.000):  86% 79/92 [00:20<00:03,  4.21it/s]
[train] epo: 64 | avg.loss:6.5470(0.9797) | avg.acc:91.833 (curr:97.333):  96% 88/92 [00:22<00:00,  4.33it/s]
[ val ] epo: 64 | avg.loss:0.3383 | avg.acc:87.333 (curr:82.667):  12% 24/200 [00:00<00:06, 27.98it/s]96it/s]
[ val ] epo: 64 | avg.loss:0.3383 | avg.acc:87.118 (curr:94.667):  32% 63/200 [00:02<00:05, 25.78it/s]96it/s]
[ val ] epo: 64 | avg.loss:0.3461 | avg.acc:86.800 (curr:81.333):  60% 120/200 [00:04<00:02, 27.67it/s]6it/s]
[ val ] epo: 64 | avg.loss:0.3542 | avg.acc:86.606 (curr:84.000):  87% 174/200 [00:06<00:00, 27.55it/s]6it/s]
[ val ] epo: 64 | avg.loss:0.3542 | avg.acc:86.606 (curr:84.000):  87% 174/200 [00:06<00:00, 27.55it/s]6it/s]
[ log ] *********A better model is found (86.673) *********
[ log ] saving @ checkpoints/cub/1shot-5way/cub_5w1s
  0% 0/92 [00:00<?, ?it/s]:0.3525 | avg.acc:86.673 (curr:89.333): 100% 200/200 [00:07<00:00, 26.83it/s]6it/s]
[train] epo: 65 | avg.loss:6.3547(0.9813) | avg.acc:92.889 (curr:89.333):   5% 5/92 [00:02<00:31,  2.79it/s]]
[train] epo: 65 | avg.loss:6.4334(0.9799) | avg.acc:92.889 (curr:96.000):  15% 14/92 [00:04<00:18,  4.22it/s]
[train] epo: 65 | avg.loss:6.4999(0.9799) | avg.acc:92.174 (curr:94.667):  24% 22/92 [00:06<00:17,  4.09it/s]
[train] epo: 65 | avg.loss:6.4665(0.9808) | avg.acc:92.473 (curr:94.667):  34% 31/92 [00:08<00:14,  4.08it/s]
[train] epo: 65 | avg.loss:6.4983(0.9812) | avg.acc:92.467 (curr:89.333):  42% 39/92 [00:10<00:12,  4.22it/s]
[train] epo: 65 | avg.loss:6.4574(0.9811) | avg.acc:92.306 (curr:94.667):  52% 48/92 [00:12<00:10,  4.28it/s]
[train] epo: 65 | avg.loss:6.4672(0.9809) | avg.acc:91.906 (curr:90.667):  61% 56/92 [00:14<00:08,  4.30it/s]
[train] epo: 65 | avg.loss:6.4966(0.9802) | avg.acc:91.192 (curr:69.333):  71% 65/92 [00:16<00:06,  4.28it/s]
[train] epo: 65 | avg.loss:6.4895(0.9797) | avg.acc:91.117 (curr:88.000):  80% 74/92 [00:18<00:04,  4.29it/s]
[train] epo: 65 | avg.loss:6.5240(0.9800) | avg.acc:90.843 (curr:96.000):  89% 82/92 [00:20<00:02,  4.34it/s]
[train] epo: 65 | avg.loss:6.5101(0.9798) | avg.acc:91.087 (curr:96.000):  99% 91/92 [00:22<00:00,  4.31it/s]
[ val ] epo: 65 | avg.loss:0.3420 | avg.acc:86.638 (curr:96.000):  22% 45/200 [00:01<00:05, 27.53it/s]97it/s]
[ val ] epo: 65 | avg.loss:0.3426 | avg.acc:86.718 (curr:74.667):  51% 102/200 [00:03<00:03, 27.62it/s]7it/s]
[ val ] epo: 65 | avg.loss:0.3515 | avg.acc:86.440 (curr:85.333):  80% 159/200 [00:05<00:01, 27.71it/s]7it/s]
[ val ] epo: 65 | avg.loss:0.3449 | avg.acc:86.813 (curr:86.667): 100% 200/200 [00:07<00:00, 27.27it/s] it/s]
[ val ] epo: 65 | avg.loss:0.3449 | avg.acc:86.813 (curr:86.667): 100% 200/200 [00:07<00:00, 27.27it/s] it/s]
[ log ] *********A better model is found (86.813) *********
[ log ] saving @ checkpoints/cub/1shot-5way/cub_5w1s
[train] epo: 66 | avg.loss:6.3736(0.9812) | avg.acc:92.000 (curr:92.000):   0% 0/92 [00:01<?, ?it/s]/s] it/s]
[train] epo: 66 | avg.loss:6.6474(0.9741) | avg.acc:91.556 (curr:94.667):  10% 9/92 [00:03<00:21,  3.80it/s]]
[train] epo: 66 | avg.loss:6.5451(0.9761) | avg.acc:91.481 (curr:98.667):  18% 17/92 [00:05<00:17,  4.24it/s]
[train] epo: 66 | avg.loss:6.4860(0.9772) | avg.acc:91.590 (curr:88.000):  28% 26/92 [00:07<00:15,  4.24it/s]
[train] epo: 66 | avg.loss:6.4449(0.9777) | avg.acc:91.657 (curr:93.333):  37% 34/92 [00:09<00:13,  4.29it/s]
[train] epo: 66 | avg.loss:6.4597(0.9782) | avg.acc:92.000 (curr:97.333):  47% 43/92 [00:11<00:11,  4.27it/s]
[train] epo: 66 | avg.loss:6.4340(0.9784) | avg.acc:92.205 (curr:97.333):  55% 51/92 [00:13<00:09,  4.26it/s]
[train] epo: 66 | avg.loss:6.4436(0.9786) | avg.acc:92.109 (curr:82.667):  65% 60/92 [00:15<00:07,  4.15it/s]
[train] epo: 66 | avg.loss:6.4589(0.9787) | avg.acc:91.981 (curr:84.000):  75% 69/92 [00:17<00:05,  4.28it/s]
[train] epo: 66 | avg.loss:6.4507(0.9786) | avg.acc:92.017 (curr:92.000):  84% 77/92 [00:19<00:03,  4.30it/s]
[train] epo: 66 | avg.loss:6.4549(0.9789) | avg.acc:92.123 (curr:93.333):  93% 86/92 [00:21<00:01,  4.32it/s]
[ val ] epo: 66 | avg.loss:0.3215 | avg.acc:88.571 (curr:92.000):   6% 12/200 [00:00<00:06, 28.03it/s]97it/s]
[ val ] epo: 66 | avg.loss:0.3381 | avg.acc:87.143 (curr:85.333):  34% 69/200 [00:02<00:04, 27.64it/s] 7it/s]
[ val ] epo: 66 | avg.loss:0.3371 | avg.acc:87.386 (curr:88.000):  63% 126/200 [00:04<00:02, 27.58it/s]7it/s]
[ val ] epo: 66 | avg.loss:0.3483 | avg.acc:86.879 (curr:84.000):  90% 180/200 [00:06<00:00, 27.60it/s]7it/s]
[ val ] epo: 66 | avg.loss:0.3483 | avg.acc:86.879 (curr:84.000):  90% 180/200 [00:06<00:00, 27.60it/s]7it/s]
[ log ] *********A better model is found (87.060) *********
[ log ] saving @ checkpoints/cub/1shot-5way/cub_5w1s
  0% 0/92 [00:00<?, ?it/s]:0.3444 | avg.acc:87.060 (curr:90.667): 100% 200/200 [00:07<00:00, 27.27it/s]7it/s]
[train] epo: 67 | avg.loss:6.1571(0.9791) | avg.acc:92.667 (curr:93.333):   7% 6/92 [00:02<00:27,  3.12it/s]]
[train] epo: 67 | avg.loss:6.1687(0.9812) | avg.acc:93.067 (curr:96.000):  15% 14/92 [00:04<00:19,  4.09it/s]
[train] epo: 67 | avg.loss:6.3903(0.9816) | avg.acc:92.058 (curr:94.667):  24% 22/92 [00:06<00:16,  4.19it/s]
[train] epo: 67 | avg.loss:6.4300(0.9814) | avg.acc:91.140 (curr:93.333):  34% 31/92 [00:08<00:14,  4.08it/s]
[train] epo: 67 | avg.loss:6.4005(0.9813) | avg.acc:91.900 (curr:94.667):  42% 39/92 [00:10<00:12,  4.18it/s]
[train] epo: 67 | avg.loss:6.4291(0.9812) | avg.acc:91.889 (curr:89.333):  51% 47/92 [00:12<00:10,  4.19it/s]
[train] epo: 67 | avg.loss:6.4403(0.9804) | avg.acc:91.345 (curr:77.333):  61% 56/92 [00:15<00:08,  4.18it/s]
[train] epo: 67 | avg.loss:6.4561(0.9807) | avg.acc:91.262 (curr:82.667):  70% 64/92 [00:16<00:06,  4.24it/s]
[train] epo: 67 | avg.loss:6.4157(0.9806) | avg.acc:91.653 (curr:93.333):  79% 73/92 [00:19<00:04,  4.22it/s]
[train] epo: 67 | avg.loss:6.4097(0.9810) | avg.acc:91.545 (curr:94.667):  88% 81/92 [00:20<00:02,  4.28it/s]
[train] epo: 67 | avg.loss:6.4250(0.9809) | avg.acc:91.385 (curr:93.333):  98% 90/92 [00:23<00:00,  4.33it/s]
[ val ] epo: 67 | avg.loss:0.3374 | avg.acc:87.252 (curr:88.000):  20% 39/200 [00:01<00:05, 27.82it/s]90it/s]
[ val ] epo: 67 | avg.loss:0.3400 | avg.acc:87.084 (curr:73.333):  40% 81/200 [00:03<00:04, 27.54it/s]90it/s]
[ val ] epo: 67 | avg.loss:0.3415 | avg.acc:86.859 (curr:90.667):  69% 138/200 [00:05<00:02, 27.72it/s]0it/s]
[ val ] epo: 67 | avg.loss:0.3465 | avg.acc:86.674 (curr:94.667):  98% 195/200 [00:07<00:00, 27.67it/s]0it/s]
[ val ] epo: 67 | avg.loss:0.3465 | avg.acc:86.674 (curr:94.667):  98% 195/200 [00:07<00:00, 27.67it/s]0it/s]
[ log ] saving @ checkpoints/cub/1shot-5way/cub_5w1s
[train] epo: 68 | avg.loss:6.3719(0.9808) | avg.acc:94.667 (curr:93.333):   2% 2/92 [00:01<01:09,  1.29it/s]]
[train] epo: 68 | avg.loss:6.5538(0.9826) | avg.acc:91.152 (curr:93.333):  12% 11/92 [00:03<00:20,  4.02it/s]
[train] epo: 68 | avg.loss:6.4538(0.9800) | avg.acc:90.467 (curr:89.333):  21% 19/92 [00:05<00:17,  4.18it/s]
[train] epo: 68 | avg.loss:6.4926(0.9805) | avg.acc:91.429 (curr:94.667):  30% 28/92 [00:07<00:15,  4.20it/s]
[train] epo: 68 | avg.loss:6.4888(0.9817) | avg.acc:91.712 (curr:88.000):  39% 36/92 [00:09<00:13,  4.28it/s]
[train] epo: 68 | avg.loss:6.4713(0.9812) | avg.acc:92.087 (curr:96.000):  49% 45/92 [00:12<00:11,  4.26it/s]
[train] epo: 68 | avg.loss:6.4632(0.9812) | avg.acc:92.247 (curr:94.667):  59% 54/92 [00:14<00:08,  4.28it/s]
[train] epo: 68 | avg.loss:6.4414(0.9812) | avg.acc:92.148 (curr:97.333):  67% 62/92 [00:16<00:07,  4.18it/s]
[train] epo: 68 | avg.loss:6.4378(0.9812) | avg.acc:91.869 (curr:93.333):  77% 71/92 [00:18<00:04,  4.27it/s]
[train] epo: 68 | avg.loss:6.4063(0.9810) | avg.acc:92.117 (curr:96.000):  86% 79/92 [00:19<00:03,  4.32it/s]
[train] epo: 68 | avg.loss:6.4240(0.9810) | avg.acc:91.715 (curr:93.333):  96% 88/92 [00:22<00:00,  4.36it/s]
[ val ] epo: 68 | avg.loss:0.3415 | avg.acc:87.080 (curr:72.000):  14% 27/200 [00:01<00:06, 27.50it/s]01it/s]
[ val ] epo: 68 | avg.loss:0.3365 | avg.acc:87.341 (curr:96.000):  42% 84/200 [00:03<00:04, 27.71it/s] 1it/s]
[ val ] epo: 68 | avg.loss:0.3397 | avg.acc:87.130 (curr:68.000):  70% 141/200 [00:05<00:02, 27.62it/s]1it/s]
[ val ] epo: 68 | avg.loss:0.3421 | avg.acc:87.269 (curr:89.333):  98% 195/200 [00:07<00:00, 27.58it/s] it/s]
[ val ] epo: 68 | avg.loss:0.3421 | avg.acc:87.269 (curr:89.333):  98% 195/200 [00:07<00:00, 27.58it/s] it/s]
[ log ] *********A better model is found (87.353) *********
[ log ] saving @ checkpoints/cub/1shot-5way/cub_5w1s
  0% 0/92 [00:00<?, ?it/s]:0.3399 | avg.acc:87.353 (curr:88.000): 100% 200/200 [00:07<00:00, 27.29it/s] it/s]
[train] epo: 69 | avg.loss:6.2011(0.9786) | avg.acc:92.381 (curr:94.667):   7% 6/92 [00:02<00:26,  3.19it/s]]
[train] epo: 69 | avg.loss:6.1833(0.9789) | avg.acc:92.750 (curr:93.333):  16% 15/92 [00:05<00:18,  4.25it/s]
[train] epo: 69 | avg.loss:6.2581(0.9798) | avg.acc:92.222 (curr:100.000):  26% 24/92 [00:07<00:15,  4.29it/s]
[train] epo: 69 | avg.loss:6.2630(0.9805) | avg.acc:92.566 (curr:85.333):  35% 32/92 [00:08<00:13,  4.29it/s]
[train] epo: 69 | avg.loss:6.2911(0.9804) | avg.acc:92.413 (curr:94.667):  45% 41/92 [00:11<00:11,  4.28it/s]
[train] epo: 69 | avg.loss:6.3031(0.9804) | avg.acc:92.107 (curr:90.667):  54% 50/92 [00:13<00:09,  4.30it/s]
[train] epo: 69 | avg.loss:6.3290(0.9807) | avg.acc:92.000 (curr:86.667):  63% 58/92 [00:15<00:08,  4.18it/s]
[train] epo: 69 | avg.loss:6.3289(0.9807) | avg.acc:92.139 (curr:96.000):  73% 67/92 [00:17<00:05,  4.18it/s]
[train] epo: 69 | avg.loss:6.3099(0.9806) | avg.acc:92.333 (curr:97.333):  82% 75/92 [00:19<00:04,  4.21it/s]
[train] epo: 69 | avg.loss:6.3257(0.9806) | avg.acc:92.095 (curr:90.667):  91% 84/92 [00:21<00:01,  4.35it/s]
  0% 0/200 [00:00<?, ?it/s]6.3495(0.9803) | avg.acc:91.841 (curr:85.333): 100% 92/92 [00:23<00:00,  3.98it/s]
[ val ] epo: 69 | avg.loss:0.3423 | avg.acc:86.571 (curr:93.333):  27% 54/200 [00:02<00:05, 27.65it/s]98it/s]
[ val ] epo: 69 | avg.loss:0.3404 | avg.acc:86.762 (curr:92.000):  56% 111/200 [00:04<00:03, 27.61it/s]8it/s]
[ val ] epo: 69 | avg.loss:0.3477 | avg.acc:86.611 (curr:88.000):  84% 168/200 [00:06<00:01, 27.72it/s]8it/s]
[ val ] epo: 69 | avg.loss:0.3477 | avg.acc:86.611 (curr:88.000):  84% 168/200 [00:06<00:01, 27.72it/s]8it/s]
[ log ] saving @ checkpoints/cub/1shot-5way/cub_5w1s
  0% 0/92 [00:00<?, ?it/s]:0.3417 | avg.acc:87.007 (curr:90.667): 100% 200/200 [00:07<00:00, 27.30it/s] it/s]
[train] epo: 70 | avg.loss:6.1093(0.9801) | avg.acc:94.889 (curr:88.000):   7% 6/92 [00:02<00:27,  3.11it/s]
[train] epo: 70 | avg.loss:6.2607(0.9803) | avg.acc:91.289 (curr:93.333):  15% 14/92 [00:04<00:18,  4.14it/s]
[train] epo: 70 | avg.loss:6.3489(0.9809) | avg.acc:90.783 (curr:90.667):  25% 23/92 [00:06<00:16,  4.24it/s]
[train] epo: 70 | avg.loss:6.3502(0.9808) | avg.acc:91.167 (curr:94.667):  34% 31/92 [00:08<00:14,  4.21it/s]
[train] epo: 70 | avg.loss:6.3479(0.9809) | avg.acc:91.545 (curr:94.667):  43% 40/92 [00:11<00:12,  4.26it/s]
[train] epo: 70 | avg.loss:6.3624(0.9809) | avg.acc:91.238 (curr:92.000):  52% 48/92 [00:12<00:10,  4.24it/s]
[train] epo: 70 | avg.loss:6.3186(0.9805) | avg.acc:91.515 (curr:97.333):  60% 55/92 [00:14<00:08,  4.26it/s]
[train] epo: 70 | avg.loss:6.3078(0.9802) | avg.acc:91.833 (curr:97.333):  68% 63/92 [00:16<00:06,  4.24it/s]
[train] epo: 70 | avg.loss:6.3445(0.9802) | avg.acc:91.927 (curr:90.667):  78% 72/92 [00:18<00:04,  4.26it/s]
[train] epo: 70 | avg.loss:6.3483(0.9803) | avg.acc:91.951 (curr:90.667):  87% 80/92 [00:20<00:02,  4.28it/s]
[train] epo: 70 | avg.loss:6.3413(0.9804) | avg.acc:91.926 (curr:88.000):  97% 89/92 [00:22<00:00,  4.33it/s]
[ val ] epo: 70 | avg.loss:0.3300 | avg.acc:87.124 (curr:90.667):  16% 33/200 [00:01<00:05, 27.99it/s]95it/s]
[ val ] epo: 70 | avg.loss:0.3341 | avg.acc:87.004 (curr:89.333):  45% 90/200 [00:03<00:03, 27.67it/s] 5it/s]
[ val ] epo: 70 | avg.loss:0.3478 | avg.acc:86.422 (curr:80.000):  74% 147/200 [00:05<00:01, 27.76it/s]5it/s]
  0% 0/92 [00:00<?, ?it/s]:0.3400 | avg.acc:87.007 (curr:90.667): 100% 200/200 [00:07<00:00, 27.36it/s]5it/s]
  0% 0/92 [00:00<?, ?it/s]:0.3400 | avg.acc:87.007 (curr:90.667): 100% 200/200 [00:07<00:00, 27.36it/s]5it/s]
[ log ] saving @ checkpoints/cub/1shot-5way/cub_5w1s
[train] epo: 71 | avg.loss:6.3078(0.9786) | avg.acc:92.667 (curr:96.000):   3% 3/92 [00:02<00:51,  1.74it/s]]
[train] epo: 71 | avg.loss:6.3935(0.9807) | avg.acc:88.889 (curr:92.000):  12% 11/92 [00:04<00:20,  3.86it/s]
[train] epo: 71 | avg.loss:6.3060(0.9805) | avg.acc:91.133 (curr:94.667):  22% 20/92 [00:06<00:17,  4.14it/s]
[train] epo: 71 | avg.loss:6.2942(0.9817) | avg.acc:90.759 (curr:93.333):  30% 28/92 [00:08<00:15,  4.12it/s]
[train] epo: 71 | avg.loss:6.2889(0.9813) | avg.acc:91.276 (curr:96.000):  37% 34/92 [00:09<00:13,  4.22it/s]
[train] epo: 71 | avg.loss:6.3072(0.9809) | avg.acc:91.242 (curr:90.667):  47% 43/92 [00:11<00:11,  4.20it/s]
[train] epo: 71 | avg.loss:6.3033(0.9806) | avg.acc:91.538 (curr:89.333):  55% 51/92 [00:13<00:09,  4.24it/s]
[train] epo: 71 | avg.loss:6.2951(0.9809) | avg.acc:91.760 (curr:89.333):  65% 60/92 [00:15<00:07,  4.26it/s]
[train] epo: 71 | avg.loss:6.2906(0.9808) | avg.acc:91.787 (curr:73.333):  75% 69/92 [00:18<00:05,  4.25it/s]
[train] epo: 71 | avg.loss:6.2949(0.9809) | avg.acc:91.915 (curr:93.333):  84% 77/92 [00:19<00:03,  4.21it/s]
[train] epo: 71 | avg.loss:6.3041(0.9808) | avg.acc:92.078 (curr:89.333):  93% 86/92 [00:22<00:01,  4.31it/s]
[ val ] epo: 71 | avg.loss:0.3244 | avg.acc:88.000 (curr:81.333):   6% 12/200 [00:00<00:06, 27.56it/s]91it/s]
[ val ] epo: 71 | avg.loss:0.3282 | avg.acc:87.647 (curr:78.667):  33% 66/200 [00:02<00:04, 27.52it/s] 1it/s]
[ val ] epo: 71 | avg.loss:0.3304 | avg.acc:87.602 (curr:97.333):  62% 123/200 [00:04<00:02, 27.62it/s]1it/s]
[ val ] epo: 71 | avg.loss:0.3408 | avg.acc:87.267 (curr:96.000):  90% 180/200 [00:06<00:00, 27.68it/s]1it/s]
[ val ] epo: 71 | avg.loss:0.3408 | avg.acc:87.267 (curr:96.000):  90% 180/200 [00:06<00:00, 27.68it/s]1it/s]
[ log ] *********A better model is found (87.400) *********
[ log ] saving @ checkpoints/cub/1shot-5way/cub_5w1s
  0% 0/92 [00:00<?, ?it/s]:0.3368 | avg.acc:87.400 (curr:88.000): 100% 200/200 [00:07<00:00, 27.32it/s] it/s]
[train] epo: 72 | avg.loss:6.1579(0.9823) | avg.acc:94.095 (curr:93.333):   7% 6/92 [00:02<00:27,  3.18it/s]]
[train] epo: 72 | avg.loss:6.1129(0.9819) | avg.acc:94.311 (curr:94.667):  15% 14/92 [00:04<00:18,  4.21it/s]
[train] epo: 72 | avg.loss:6.1623(0.9821) | avg.acc:94.435 (curr:96.000):  25% 23/92 [00:06<00:16,  4.21it/s]
[train] epo: 72 | avg.loss:6.1711(0.9818) | avg.acc:93.583 (curr:92.000):  34% 31/92 [00:08<00:14,  4.26it/s]
[train] epo: 72 | avg.loss:6.1707(0.9824) | avg.acc:93.106 (curr:96.000):  43% 40/92 [00:10<00:12,  4.28it/s]
[train] epo: 72 | avg.loss:6.1668(0.9823) | avg.acc:93.388 (curr:97.333):  53% 49/92 [00:12<00:10,  4.28it/s]
[train] epo: 72 | avg.loss:6.1715(0.9822) | avg.acc:93.264 (curr:93.333):  62% 57/92 [00:14<00:08,  4.28it/s]
[train] epo: 72 | avg.loss:6.1746(0.9819) | avg.acc:93.232 (curr:94.667):  72% 66/92 [00:16<00:06,  4.28it/s]
[train] epo: 72 | avg.loss:6.1819(0.9818) | avg.acc:92.853 (curr:97.333):  80% 74/92 [00:18<00:04,  4.29it/s]
[train] epo: 72 | avg.loss:6.1586(0.9817) | avg.acc:92.905 (curr:93.333):  90% 83/92 [00:20<00:02,  4.33it/s]
[train] epo: 72 | avg.loss:6.1742(0.9820) | avg.acc:92.725 (curr:98.667): 100% 92/92 [00:22<00:00,  4.35it/s]
[ val ] epo: 72 | avg.loss:0.3400 | avg.acc:87.094 (curr:96.000):  26% 51/200 [00:01<00:05, 28.06it/s]99it/s]
[ val ] epo: 72 | avg.loss:0.3332 | avg.acc:87.315 (curr:90.667):  54% 108/200 [00:03<00:03, 27.48it/s]9it/s]
[ val ] epo: 72 | avg.loss:0.3421 | avg.acc:87.011 (curr:90.667):  75% 150/200 [00:05<00:01, 27.71it/s]9it/s]
[ val ] epo: 72 | avg.loss:0.3421 | avg.acc:87.011 (curr:90.667):  75% 150/200 [00:05<00:01, 27.71it/s]9it/s]
[ log ] saving @ checkpoints/cub/1shot-5way/cub_5w1s
  0% 0/92 [00:00<?, ?it/s]:0.3354 | avg.acc:87.400 (curr:89.333): 100% 200/200 [00:07<00:00, 27.53it/s] it/s]
[train] epo: 73 | avg.loss:5.9747(0.9789) | avg.acc:91.333 (curr:93.333):   4% 4/92 [00:02<00:36,  2.39it/s]]
[train] epo: 73 | avg.loss:6.0093(0.9792) | avg.acc:93.128 (curr:100.000):  13% 12/92 [00:04<00:19,  4.13it/s]
[train] epo: 73 | avg.loss:6.0961(0.9796) | avg.acc:91.879 (curr:92.000):  23% 21/92 [00:06<00:16,  4.23it/s]
[train] epo: 73 | avg.loss:6.1575(0.9792) | avg.acc:92.000 (curr:90.667):  33% 30/92 [00:08<00:14,  4.28it/s]
[train] epo: 73 | avg.loss:6.2079(0.9795) | avg.acc:91.658 (curr:96.000):  41% 38/92 [00:10<00:12,  4.26it/s]
[train] epo: 73 | avg.loss:6.2167(0.9795) | avg.acc:91.858 (curr:92.000):  51% 47/92 [00:12<00:10,  4.25it/s]
[train] epo: 73 | avg.loss:6.2317(0.9797) | avg.acc:91.833 (curr:93.333):  60% 55/92 [00:14<00:08,  4.27it/s]
[train] epo: 73 | avg.loss:6.2092(0.9801) | avg.acc:91.938 (curr:92.000):  70% 64/92 [00:16<00:06,  4.24it/s]
[train] epo: 73 | avg.loss:6.2123(0.9800) | avg.acc:92.037 (curr:94.667):  78% 72/92 [00:18<00:04,  4.22it/s]
[train] epo: 73 | avg.loss:6.2031(0.9801) | avg.acc:91.984 (curr:97.333):  88% 81/92 [00:20<00:02,  4.32it/s]
[train] epo: 73 | avg.loss:6.2021(0.9798) | avg.acc:91.659 (curr:97.333):  98% 90/92 [00:22<00:00,  4.35it/s]
[ val ] epo: 73 | avg.loss:0.3213 | avg.acc:87.579 (curr:89.333):  18% 36/200 [00:01<00:05, 27.46it/s]00it/s]
[ val ] epo: 73 | avg.loss:0.3222 | avg.acc:87.844 (curr:96.000):  46% 93/200 [00:03<00:03, 27.40it/s] 0it/s]
[ val ] epo: 73 | avg.loss:0.3358 | avg.acc:87.227 (curr:84.000):  75% 150/200 [00:05<00:01, 27.76it/s]0it/s]
[ val ] epo: 73 | avg.loss:0.3292 | avg.acc:87.700 (curr:90.667): 100% 200/200 [00:07<00:00, 27.16it/s] it/s]
[ val ] epo: 73 | avg.loss:0.3292 | avg.acc:87.700 (curr:90.667): 100% 200/200 [00:07<00:00, 27.16it/s] it/s]
[ log ] *********A better model is found (87.700) *********
[ log ] saving @ checkpoints/cub/1shot-5way/cub_5w1s
[train] epo: 74 | avg.loss:6.7217(0.9824) | avg.acc:89.333 (curr:96.000):   1% 1/92 [00:01<02:35,  1.71s/it]]
[train] epo: 74 | avg.loss:6.2737(0.9808) | avg.acc:92.933 (curr:90.667):  11% 10/92 [00:03<00:20,  3.94it/s]
[train] epo: 74 | avg.loss:6.2468(0.9805) | avg.acc:93.193 (curr:94.667):  20% 18/92 [00:05<00:17,  4.20it/s]
[train] epo: 74 | avg.loss:6.1935(0.9796) | avg.acc:93.235 (curr:88.000):  29% 27/92 [00:07<00:15,  4.26it/s]
[train] epo: 74 | avg.loss:6.1945(0.9797) | avg.acc:93.185 (curr:97.333):  38% 35/92 [00:09<00:13,  4.25it/s]
[train] epo: 74 | avg.loss:6.2109(0.9800) | avg.acc:92.939 (curr:98.667):  48% 44/92 [00:11<00:11,  4.23it/s]
[train] epo: 74 | avg.loss:6.1991(0.9802) | avg.acc:92.906 (curr:90.667):  57% 52/92 [00:13<00:09,  4.27it/s]
[train] epo: 74 | avg.loss:6.2042(0.9801) | avg.acc:92.927 (curr:88.000):  64% 59/92 [00:15<00:07,  4.29it/s]
[train] epo: 74 | avg.loss:6.2276(0.9805) | avg.acc:92.784 (curr:70.667):  73% 67/92 [00:17<00:05,  4.26it/s]
[train] epo: 74 | avg.loss:6.2479(0.9805) | avg.acc:92.519 (curr:90.667):  83% 76/92 [00:19<00:03,  4.30it/s]
[train] epo: 74 | avg.loss:6.2462(0.9805) | avg.acc:92.690 (curr:97.333):  91% 84/92 [00:21<00:01,  4.16it/s]
[ val ] epo: 74 | avg.loss:0.1905 | avg.acc:94.000 (curr:89.333):   0% 0/200 [00:00<?, ?it/s]0:00,  3.95it/s]
[ val ] epo: 74 | avg.loss:0.3220 | avg.acc:87.839 (curr:100.000):  28% 57/200 [00:02<00:05, 27.80it/s]5it/s]
[ val ] epo: 74 | avg.loss:0.3268 | avg.acc:87.520 (curr:82.667):  57% 114/200 [00:04<00:03, 27.73it/s]5it/s]
[ val ] epo: 74 | avg.loss:0.3368 | avg.acc:87.247 (curr:90.667):  84% 168/200 [00:06<00:01, 27.55it/s]5it/s]
[ val ] epo: 74 | avg.loss:0.3368 | avg.acc:87.247 (curr:90.667):  84% 168/200 [00:06<00:01, 27.55it/s]5it/s]
[ log ] saving @ checkpoints/cub/1shot-5way/cub_5w1s
  0% 0/92 [00:00<?, ?it/s]:0.3301 | avg.acc:87.613 (curr:90.667): 100% 200/200 [00:07<00:00, 27.19it/s] it/s]
[train] epo: 75 | avg.loss:6.1246(0.9801) | avg.acc:93.333 (curr:98.667):   7% 6/92 [00:02<00:27,  3.15it/s]]
[train] epo: 75 | avg.loss:6.1317(0.9812) | avg.acc:92.889 (curr:97.333):  16% 15/92 [00:04<00:18,  4.21it/s]
[train] epo: 75 | avg.loss:6.1355(0.9807) | avg.acc:93.000 (curr:89.333):  25% 23/92 [00:06<00:16,  4.23it/s]
[train] epo: 75 | avg.loss:6.1513(0.9807) | avg.acc:92.375 (curr:93.333):  35% 32/92 [00:08<00:14,  4.26it/s]
[train] epo: 75 | avg.loss:6.1201(0.9807) | avg.acc:92.878 (curr:92.000):  43% 40/92 [00:10<00:12,  4.28it/s]
[train] epo: 75 | avg.loss:6.1168(0.9809) | avg.acc:92.667 (curr:88.000):  53% 49/92 [00:13<00:10,  4.25it/s]
[train] epo: 75 | avg.loss:6.1359(0.9808) | avg.acc:92.529 (curr:96.000):  62% 57/92 [00:14<00:08,  4.24it/s]
[train] epo: 75 | avg.loss:6.1794(0.9806) | avg.acc:92.199 (curr:92.000):  72% 66/92 [00:17<00:06,  4.26it/s]
[train] epo: 75 | avg.loss:6.1669(0.9806) | avg.acc:92.107 (curr:97.333):  80% 74/92 [00:18<00:04,  4.18it/s]
[train] epo: 75 | avg.loss:6.1841(0.9808) | avg.acc:91.841 (curr:96.000):  90% 83/92 [00:21<00:02,  4.31it/s]
[train] epo: 75 | avg.loss:6.1918(0.9809) | avg.acc:91.609 (curr:89.333): 100% 92/92 [00:23<00:00,  4.34it/s]
[ val ] epo: 75 | avg.loss:0.3549 | avg.acc:86.359 (curr:69.333):  26% 51/200 [00:01<00:05, 27.39it/s]97it/s]
[ val ] epo: 75 | avg.loss:0.3429 | avg.acc:86.889 (curr:85.333):  54% 108/200 [00:03<00:03, 27.70it/s]7it/s]
[ val ] epo: 75 | avg.loss:0.3505 | avg.acc:86.658 (curr:81.333):  75% 150/200 [00:05<00:01, 27.70it/s]7it/s]
  0% 0/92 [00:00<?, ?it/s]:0.3440 | avg.acc:87.107 (curr:89.333): 100% 200/200 [00:07<00:00, 27.21it/s] it/s]
  0% 0/92 [00:00<?, ?it/s]:0.3440 | avg.acc:87.107 (curr:89.333): 100% 200/200 [00:07<00:00, 27.21it/s] it/s]
[ log ] saving @ checkpoints/cub/1shot-5way/cub_5w1s
[train] epo: 76 | avg.loss:5.9986(0.9841) | avg.acc:95.000 (curr:96.000):   4% 4/92 [00:02<00:36,  2.39it/s]]
[train] epo: 76 | avg.loss:6.1191(0.9826) | avg.acc:92.308 (curr:96.000):  13% 12/92 [00:04<00:19,  4.11it/s]
[train] epo: 76 | avg.loss:6.1100(0.9822) | avg.acc:93.394 (curr:90.667):  23% 21/92 [00:06<00:16,  4.23it/s]
[train] epo: 76 | avg.loss:6.1581(0.9821) | avg.acc:93.333 (curr:96.000):  32% 29/92 [00:08<00:14,  4.25it/s]
[train] epo: 76 | avg.loss:6.1384(0.9814) | avg.acc:93.439 (curr:97.333):  41% 38/92 [00:10<00:12,  4.17it/s]
[train] epo: 76 | avg.loss:6.1472(0.9808) | avg.acc:93.759 (curr:98.667):  50% 46/92 [00:12<00:10,  4.24it/s]
[train] epo: 76 | avg.loss:6.1786(0.9805) | avg.acc:93.690 (curr:96.000):  60% 55/92 [00:14<00:08,  4.24it/s]
[train] epo: 76 | avg.loss:6.1647(0.9809) | avg.acc:93.375 (curr:86.667):  68% 63/92 [00:16<00:06,  4.26it/s]
[train] epo: 76 | avg.loss:6.1693(0.9807) | avg.acc:93.425 (curr:97.333):  78% 72/92 [00:18<00:04,  4.14it/s]
[train] epo: 76 | avg.loss:6.1709(0.9805) | avg.acc:93.646 (curr:97.333):  87% 80/92 [00:20<00:02,  4.28it/s]
[train] epo: 76 | avg.loss:6.1769(0.9806) | avg.acc:93.481 (curr:93.333):  97% 89/92 [00:22<00:00,  4.29it/s]
[ val ] epo: 76 | avg.loss:0.3254 | avg.acc:87.695 (curr:90.667):  16% 33/200 [00:01<00:06, 27.73it/s]97it/s]
[ val ] epo: 76 | avg.loss:0.3283 | avg.acc:87.502 (curr:88.000):  45% 90/200 [00:03<00:03, 27.98it/s] 7it/s]
[ val ] epo: 76 | avg.loss:0.3420 | avg.acc:86.857 (curr:81.333):  74% 147/200 [00:05<00:01, 27.68it/s]7it/s]
[ val ] epo: 76 | avg.loss:0.3383 | avg.acc:87.150 (curr:77.333):  96% 192/200 [00:06<00:00, 27.08it/s]7it/s]
[ val ] epo: 76 | avg.loss:0.3383 | avg.acc:87.150 (curr:77.333):  96% 192/200 [00:06<00:00, 27.08it/s]7it/s]
[ log ] saving @ checkpoints/cub/1shot-5way/cub_5w1s
[train] epo: 77 | avg.loss:6.6095(0.9769) | avg.acc:82.667 (curr:82.667):   1% 1/92 [00:01<02:31,  1.66s/it]]
[train] epo: 77 | avg.loss:6.6238(0.9801) | avg.acc:90.533 (curr:89.333):  10% 9/92 [00:03<00:22,  3.65it/s]]
[train] epo: 77 | avg.loss:6.4997(0.9804) | avg.acc:90.296 (curr:84.000):  18% 17/92 [00:05<00:18,  4.08it/s]
[train] epo: 77 | avg.loss:6.3602(0.9806) | avg.acc:91.111 (curr:92.000):  28% 26/92 [00:07<00:15,  4.22it/s]
[train] epo: 77 | avg.loss:6.3803(0.9811) | avg.acc:90.552 (curr:98.667):  37% 34/92 [00:09<00:14,  4.05it/s]
[train] epo: 77 | avg.loss:6.3696(0.9807) | avg.acc:90.450 (curr:88.000):  46% 42/92 [00:11<00:11,  4.18it/s]
[train] epo: 77 | avg.loss:6.3676(0.9811) | avg.acc:91.103 (curr:96.000):  55% 51/92 [00:13<00:09,  4.19it/s]
[train] epo: 77 | avg.loss:6.3262(0.9807) | avg.acc:91.578 (curr:97.333):  64% 59/92 [00:15<00:07,  4.26it/s]
[train] epo: 77 | avg.loss:6.3438(0.9810) | avg.acc:91.343 (curr:97.333):  74% 68/92 [00:17<00:05,  4.21it/s]
[train] epo: 77 | avg.loss:6.3412(0.9808) | avg.acc:91.411 (curr:94.667):  83% 76/92 [00:19<00:03,  4.21it/s]
[train] epo: 77 | avg.loss:6.3150(0.9809) | avg.acc:91.752 (curr:94.667):  92% 85/92 [00:21<00:01,  4.32it/s]
[ val ] epo: 77 | avg.loss:0.3184 | avg.acc:88.593 (curr:96.000):   4% 9/200 [00:00<00:06, 27.93it/s].93it/s]
[ val ] epo: 77 | avg.loss:0.3324 | avg.acc:87.426 (curr:90.667):  32% 63/200 [00:02<00:04, 27.53it/s]93it/s]
[ val ] epo: 77 | avg.loss:0.3408 | avg.acc:87.141 (curr:84.000):  60% 120/200 [00:04<00:02, 27.63it/s]3it/s]
[ val ] epo: 77 | avg.loss:0.3502 | avg.acc:86.787 (curr:84.000):  88% 177/200 [00:06<00:00, 27.65it/s]3it/s]
[ val ] epo: 77 | avg.loss:0.3502 | avg.acc:86.787 (curr:84.000):  88% 177/200 [00:06<00:00, 27.65it/s]3it/s]
[ log ] saving @ checkpoints/cub/1shot-5way/cub_5w1s
  0% 0/92 [00:00<?, ?it/s]:0.3456 | avg.acc:87.007 (curr:90.667): 100% 200/200 [00:07<00:00, 27.22it/s] it/s]
[train] epo: 78 | avg.loss:6.3040(0.9811) | avg.acc:93.833 (curr:97.333):   9% 8/92 [00:03<00:22,  3.68it/s]]
[train] epo: 78 | avg.loss:6.2949(0.9815) | avg.acc:92.941 (curr:93.333):  17% 16/92 [00:05<00:18,  4.20it/s]
[train] epo: 78 | avg.loss:6.2284(0.9811) | avg.acc:92.587 (curr:96.000):  26% 24/92 [00:07<00:15,  4.27it/s]
[train] epo: 78 | avg.loss:6.2412(0.9819) | avg.acc:92.706 (curr:93.333):  36% 33/92 [00:09<00:13,  4.26it/s]
[train] epo: 78 | avg.loss:6.2502(0.9820) | avg.acc:92.508 (curr:93.333):  46% 42/92 [00:11<00:11,  4.27it/s]
[train] epo: 78 | avg.loss:6.1895(0.9815) | avg.acc:92.758 (curr:93.333):  54% 50/92 [00:13<00:09,  4.28it/s]
[train] epo: 78 | avg.loss:6.1937(0.9814) | avg.acc:92.859 (curr:97.333):  63% 58/92 [00:15<00:08,  4.08it/s]
[train] epo: 78 | avg.loss:6.1861(0.9812) | avg.acc:92.876 (curr:89.333):  73% 67/92 [00:17<00:05,  4.18it/s]
[train] epo: 78 | avg.loss:6.1744(0.9811) | avg.acc:93.018 (curr:93.333):  82% 75/92 [00:19<00:03,  4.26it/s]
[train] epo: 78 | avg.loss:6.1998(0.9810) | avg.acc:93.012 (curr:94.667):  89% 82/92 [00:20<00:02,  4.33it/s]
[train] epo: 78 | avg.loss:6.2040(0.9809) | avg.acc:93.055 (curr:88.000):  99% 91/92 [00:22<00:00,  4.32it/s]
[ val ] epo: 78 | avg.loss:0.3356 | avg.acc:87.303 (curr:78.667):  21% 42/200 [00:01<00:05, 27.77it/s]95it/s]
[ val ] epo: 78 | avg.loss:0.3302 | avg.acc:87.307 (curr:88.000):  50% 99/200 [00:03<00:03, 27.81it/s] 5it/s]
[ val ] epo: 78 | avg.loss:0.3415 | avg.acc:86.752 (curr:90.667):  78% 156/200 [00:05<00:01, 27.65it/s]5it/s]
  0% 0/92 [00:00<?, ?it/s]:0.3369 | avg.acc:87.113 (curr:90.667): 100% 200/200 [00:07<00:00, 27.32it/s]5it/s]
  0% 0/92 [00:00<?, ?it/s]:0.3369 | avg.acc:87.113 (curr:90.667): 100% 200/200 [00:07<00:00, 27.32it/s]5it/s]
[ log ] saving @ checkpoints/cub/1shot-5way/cub_5w1s
[train] epo: 79 | avg.loss:6.5694(0.9814) | avg.acc:94.400 (curr:94.667):   4% 4/92 [00:02<00:39,  2.22it/s]]
[train] epo: 79 | avg.loss:6.2745(0.9812) | avg.acc:94.974 (curr:88.000):  14% 13/92 [00:04<00:18,  4.16it/s]
[train] epo: 79 | avg.loss:6.2860(0.9812) | avg.acc:93.212 (curr:90.667):  23% 21/92 [00:06<00:16,  4.24it/s]
[train] epo: 79 | avg.loss:6.2607(0.9808) | avg.acc:93.289 (curr:92.000):  32% 29/92 [00:08<00:15,  4.16it/s]
[train] epo: 79 | avg.loss:6.2578(0.9812) | avg.acc:93.333 (curr:96.000):  41% 38/92 [00:10<00:12,  4.16it/s]
[train] epo: 79 | avg.loss:6.2608(0.9813) | avg.acc:93.135 (curr:96.000):  50% 46/92 [00:12<00:11,  4.06it/s]
[train] epo: 79 | avg.loss:6.2592(0.9809) | avg.acc:93.115 (curr:85.333):  59% 54/92 [00:14<00:09,  4.15it/s]
[train] epo: 79 | avg.loss:6.2468(0.9806) | avg.acc:92.889 (curr:88.000):  68% 63/92 [00:16<00:06,  4.26it/s]
[train] epo: 79 | avg.loss:6.2538(0.9806) | avg.acc:93.037 (curr:94.667):  77% 71/92 [00:18<00:04,  4.26it/s]
[train] epo: 79 | avg.loss:6.2517(0.9807) | avg.acc:93.250 (curr:97.333):  87% 80/92 [00:20<00:02,  4.31it/s]
[train] epo: 79 | avg.loss:6.2478(0.9807) | avg.acc:92.884 (curr:85.333):  97% 89/92 [00:22<00:00,  4.34it/s]
[ val ] epo: 79 | avg.loss:0.3246 | avg.acc:87.750 (curr:90.667):  15% 30/200 [00:01<00:06, 27.83it/s]90it/s]
[ val ] epo: 79 | avg.loss:0.3342 | avg.acc:87.250 (curr:94.667):  39% 78/200 [00:02<00:04, 27.17it/s] 0it/s]
[ val ] epo: 79 | avg.loss:0.3282 | avg.acc:87.559 (curr:93.333):  64% 129/200 [00:04<00:02, 27.77it/s]0it/s]
[ val ] epo: 79 | avg.loss:0.3399 | avg.acc:87.197 (curr:77.333):  93% 186/200 [00:06<00:00, 27.61it/s] it/s]
[ val ] epo: 79 | avg.loss:0.3399 | avg.acc:87.197 (curr:77.333):  93% 186/200 [00:06<00:00, 27.61it/s] it/s]
[ log ] saving @ checkpoints/cub/1shot-5way/cub_5w1s
[train] epo: 80 | avg.loss:5.8955(0.9829) | avg.acc:97.333 (curr:97.333):   1% 1/92 [00:01<02:29,  1.64s/it]]
[train] epo: 80 | avg.loss:6.1481(0.9791) | avg.acc:92.533 (curr:90.667):  10% 9/92 [00:03<00:21,  3.83it/s]
[train] epo: 80 | avg.loss:6.1973(0.9799) | avg.acc:93.037 (curr:97.333):  20% 18/92 [00:05<00:17,  4.12it/s]
[train] epo: 80 | avg.loss:6.1912(0.9804) | avg.acc:93.136 (curr:93.333):  28% 26/92 [00:07<00:15,  4.22it/s]
[train] epo: 80 | avg.loss:6.1857(0.9800) | avg.acc:93.410 (curr:90.667):  38% 35/92 [00:09<00:13,  4.23it/s]
[train] epo: 80 | avg.loss:6.1517(0.9793) | avg.acc:93.667 (curr:96.000):  47% 43/92 [00:11<00:11,  4.22it/s]
[train] epo: 80 | avg.loss:6.1377(0.9799) | avg.acc:93.769 (curr:98.667):  57% 52/92 [00:13<00:09,  4.22it/s]
[train] epo: 80 | avg.loss:6.1606(0.9801) | avg.acc:93.399 (curr:96.000):  65% 60/92 [00:15<00:07,  4.16it/s]
[train] epo: 80 | avg.loss:6.1611(0.9800) | avg.acc:93.353 (curr:96.000):  75% 69/92 [00:17<00:05,  4.22it/s]
[train] epo: 80 | avg.loss:6.2032(0.9800) | avg.acc:93.214 (curr:92.000):  84% 77/92 [00:19<00:03,  4.27it/s]
[train] epo: 80 | avg.loss:6.2128(0.9801) | avg.acc:93.287 (curr:97.333):  93% 86/92 [00:21<00:01,  4.34it/s]
[ val ] epo: 80 | avg.loss:0.3259 | avg.acc:87.644 (curr:73.333):   8% 15/200 [00:00<00:06, 28.00it/s]96it/s]
[ val ] epo: 80 | avg.loss:0.3324 | avg.acc:87.324 (curr:78.667):  34% 69/200 [00:02<00:04, 27.95it/s] 6it/s]
[ val ] epo: 80 | avg.loss:0.3287 | avg.acc:87.542 (curr:73.333):  63% 126/200 [00:04<00:02, 27.80it/s]6it/s]
[ val ] epo: 80 | avg.loss:0.3425 | avg.acc:87.030 (curr:82.667):  84% 168/200 [00:06<00:01, 27.53it/s]6it/s]
[ val ] epo: 80 | avg.loss:0.3425 | avg.acc:87.030 (curr:82.667):  84% 168/200 [00:06<00:01, 27.53it/s]6it/s]
[ log ] saving @ checkpoints/cub/1shot-5way/cub_5w1s
[ log ] roughly 0.00 h left
all state_dict keys match, loading model from : checkpoints/cub/1shot-5way/cub_5w1s/max_acc.pth
  0% 0/2000 [00:00<?, ?it/s].3365 | avg.acc:87.327 (curr:90.667): 100% 200/200 [00:07<00:00, 27.37it/s] it/s]
[test ] epo:best | avg.loss:0.3870 | avg.acc:85.570 (curr:88.000):   2% 45/2000 [00:02<01:17, 25.17it/s]it/s]
[test ] epo:best | avg.loss:0.4016 | avg.acc:84.884 (curr:97.333):   5% 96/2000 [00:04<01:11, 26.49it/s]it/s]
[test ] epo:best | avg.loss:0.4015 | avg.acc:84.886 (curr:93.333):   8% 150/2000 [00:06<01:10, 26.25it/s]t/s]
[test ] epo:best | avg.loss:0.3970 | avg.acc:85.029 (curr:93.333):  10% 204/2000 [00:08<01:08, 26.11it/s]t/s]
[test ] epo:best | avg.loss:0.3942 | avg.acc:85.205 (curr:78.667):  13% 258/2000 [00:10<01:05, 26.47it/s]t/s]
[test ] epo:best | avg.loss:0.3864 | avg.acc:85.554 (curr:94.667):  16% 312/2000 [00:12<01:03, 26.63it/s]t/s]
[test ] epo:best | avg.loss:0.3859 | avg.acc:85.551 (curr:89.333):  18% 366/2000 [00:14<01:01, 26.43it/s]t/s]
[test ] epo:best | avg.loss:0.3854 | avg.acc:85.526 (curr:78.667):  21% 420/2000 [00:17<00:59, 26.36it/s] /s]
[test ] epo:best | avg.loss:0.3877 | avg.acc:85.460 (curr:97.333):  23% 462/2000 [00:18<00:57, 26.74it/s] /s]
[test ] epo:best | avg.loss:0.3914 | avg.acc:85.349 (curr:88.000):  26% 516/2000 [00:20<00:56, 26.18it/s] /s]
[test ] epo:best | avg.loss:0.3880 | avg.acc:85.467 (curr:89.333):  28% 570/2000 [00:22<00:53, 26.56it/s] /s]
[test ] epo:best | avg.loss:0.3887 | avg.acc:85.498 (curr:88.000):  31% 624/2000 [00:24<00:52, 26.12it/s] /s]
[test ] epo:best | avg.loss:0.3899 | avg.acc:85.459 (curr:90.667):  34% 675/2000 [00:26<00:49, 26.68it/s] /s]
[test ] epo:best | avg.loss:0.3905 | avg.acc:85.448 (curr:84.000):  36% 729/2000 [00:28<00:48, 26.01it/s] /s]
[test ] epo:best | avg.loss:0.3912 | avg.acc:85.413 (curr:73.333):  39% 783/2000 [00:30<00:46, 26.02it/s] /s]
[test ] epo:best | avg.loss:0.3896 | avg.acc:85.475 (curr:81.333):  42% 837/2000 [00:33<00:44, 26.28it/s] /s]
[test ] epo:best | avg.loss:0.3894 | avg.acc:85.452 (curr:78.667):  45% 891/2000 [00:35<00:41, 26.47it/s] /s]
[test ] epo:best | avg.loss:0.3874 | avg.acc:85.561 (curr:93.333):  47% 942/2000 [00:37<00:41, 25.76it/s] /s]
[test ] epo:best | avg.loss:0.3875 | avg.acc:85.559 (curr:92.000):  49% 984/2000 [00:38<00:38, 26.55it/s] /s]
[test ] epo:best | avg.loss:0.3872 | avg.acc:85.536 (curr:88.000):  52% 1038/2000 [00:40<00:36, 26.12it/s]/s]
[test ] epo:best | avg.loss:0.3880 | avg.acc:85.463 (curr:84.000):  54% 1089/2000 [00:42<00:34, 26.09it/s]/s]
[test ] epo:best | avg.loss:0.3868 | avg.acc:85.504 (curr:90.667):  57% 1143/2000 [00:44<00:32, 26.09it/s]/s]
[test ] epo:best | avg.loss:0.3902 | avg.acc:85.362 (curr:60.000):  60% 1194/2000 [00:46<00:30, 26.42it/s]/s]
[test ] epo:best | avg.loss:0.3894 | avg.acc:85.424 (curr:89.333):  62% 1248/2000 [00:48<00:28, 26.24it/s] s]
[test ] epo:best | avg.loss:0.3883 | avg.acc:85.486 (curr:85.333):  65% 1302/2000 [00:51<00:26, 25.95it/s] s]
[test ] epo:best | avg.loss:0.3889 | avg.acc:85.465 (curr:90.667):  68% 1356/2000 [00:53<00:24, 25.99it/s] s]
[test ] epo:best | avg.loss:0.3890 | avg.acc:85.446 (curr:85.333):  70% 1410/2000 [00:55<00:22, 25.94it/s] s]
[test ] epo:best | avg.loss:0.3888 | avg.acc:85.448 (curr:82.667):  72% 1446/2000 [00:56<00:21, 25.38it/s] s]
[test ] epo:best | avg.loss:0.3883 | avg.acc:85.458 (curr:86.667):  75% 1500/2000 [00:58<00:19, 25.60it/s] s]
[test ] epo:best | avg.loss:0.3866 | avg.acc:85.500 (curr:94.667):  78% 1551/2000 [01:00<00:17, 25.57it/s] s]
[test ] epo:best | avg.loss:0.3884 | avg.acc:85.394 (curr:89.333):  80% 1605/2000 [01:02<00:14, 26.86it/s] s]
[test ] epo:best | avg.loss:0.3879 | avg.acc:85.402 (curr:65.333):  83% 1659/2000 [01:04<00:12, 26.24it/s] s]
[test ] epo:best | avg.loss:0.3871 | avg.acc:85.437 (curr:89.333):  86% 1713/2000 [01:06<00:10, 26.40it/s] s]
[test ] epo:best | avg.loss:0.3878 | avg.acc:85.409 (curr:68.000):  88% 1767/2000 [01:09<00:08, 26.24it/s] s]
[test ] epo:best | avg.loss:0.3875 | avg.acc:85.388 (curr:92.000):  91% 1818/2000 [01:11<00:07, 25.83it/s] s]
[test ] epo:best | avg.loss:0.3875 | avg.acc:85.385 (curr:94.667):  94% 1872/2000 [01:13<00:04, 25.67it/s] s]
[test ] epo:best | avg.loss:0.3873 | avg.acc:85.387 (curr:85.333):  96% 1923/2000 [01:15<00:02, 25.97it/s] s]
[test ] epo:best | avg.loss:0.3873 | avg.acc:85.387 (curr:74.667):  98% 1962/2000 [01:16<00:01, 24.81it/s] s]
[test ] epo:best | avg.loss:0.3873 | avg.acc:85.382 (curr:76.000): 100% 2000/2000 [01:18<00:00, 25.54it/s] s]
[test ] epo:best | avg.loss:0.3873 | avg.acc:85.382 (curr:76.000): 100% 2000/2000 [01:18<00:00, 25.54it/s] s]
[final] epo:best | 85.382 +- 0.341
[test ] epo:best | avg.loss:0.3873 | avg.acc:85.382 (curr:76.000): 100% 2000/2000 [01:18<00:00, 25.54it/s] s]